14:45:20.095 [main] ERROR o.s.test.context.TestContextManager - Caught exception while allowing TestExecutionListener [org.springframework.test.context.support.DependencyInjectionTestExecutionListener@433567f1] to prepare test instance [no.nmdc.oaipmhharvester.service.HarvestServiceImplTest@c7d97d5]
org.springframework.beans.factory.BeanCreationException: Error creating bean with name 'no.nmdc.oaipmhharvester.service.HarvestServiceImplTest': Injection of autowired dependencies failed; nested exception is org.springframework.beans.factory.BeanCreationException: Could not autowire field: private no.nmdc.oaipmhharvester.service.HarvestService no.nmdc.oaipmhharvester.service.HarvestServiceImplTest.instance; nested exception is org.springframework.beans.factory.NoSuchBeanDefinitionException: No qualifying bean of type [no.nmdc.oaipmhharvester.service.HarvestService] found for dependency: expected at least 1 bean which qualifies as autowire candidate for this dependency. Dependency annotations: {@org.springframework.beans.factory.annotation.Autowired(required=true)}
	at org.springframework.beans.factory.annotation.AutowiredAnnotationBeanPostProcessor.postProcessPropertyValues(AutowiredAnnotationBeanPostProcessor.java:334) ~[spring-beans-4.1.5.RELEASE.jar:4.1.5.RELEASE]
	at org.springframework.beans.factory.support.AbstractAutowireCapableBeanFactory.populateBean(AbstractAutowireCapableBeanFactory.java:1202) ~[spring-beans-4.1.5.RELEASE.jar:4.1.5.RELEASE]
	at org.springframework.beans.factory.support.AbstractAutowireCapableBeanFactory.autowireBeanProperties(AbstractAutowireCapableBeanFactory.java:385) ~[spring-beans-4.1.5.RELEASE.jar:4.1.5.RELEASE]
	at org.springframework.test.context.support.DependencyInjectionTestExecutionListener.injectDependencies(DependencyInjectionTestExecutionListener.java:118) ~[spring-test-4.1.5.RELEASE.jar:4.1.5.RELEASE]
	at org.springframework.test.context.support.DependencyInjectionTestExecutionListener.prepareTestInstance(DependencyInjectionTestExecutionListener.java:83) ~[spring-test-4.1.5.RELEASE.jar:4.1.5.RELEASE]
	at org.springframework.test.context.TestContextManager.prepareTestInstance(TestContextManager.java:212) ~[spring-test-4.1.5.RELEASE.jar:4.1.5.RELEASE]
	at org.springframework.test.context.junit4.SpringJUnit4ClassRunner.createTest(SpringJUnit4ClassRunner.java:200) [spring-test-4.1.5.RELEASE.jar:4.1.5.RELEASE]
	at org.springframework.test.context.junit4.SpringJUnit4ClassRunner$1.runReflectiveCall(SpringJUnit4ClassRunner.java:259) [spring-test-4.1.5.RELEASE.jar:4.1.5.RELEASE]
	at org.junit.internal.runners.model.ReflectiveCallable.run(ReflectiveCallable.java:12) [junit-4.12.jar:4.12]
	at org.springframework.test.context.junit4.SpringJUnit4ClassRunner.methodBlock(SpringJUnit4ClassRunner.java:261) [spring-test-4.1.5.RELEASE.jar:4.1.5.RELEASE]
	at org.springframework.test.context.junit4.SpringJUnit4ClassRunner.runChild(SpringJUnit4ClassRunner.java:219) [spring-test-4.1.5.RELEASE.jar:4.1.5.RELEASE]
	at org.springframework.test.context.junit4.SpringJUnit4ClassRunner.runChild(SpringJUnit4ClassRunner.java:83) [spring-test-4.1.5.RELEASE.jar:4.1.5.RELEASE]
	at org.junit.runners.ParentRunner$3.run(ParentRunner.java:290) [junit-4.12.jar:4.12]
	at org.junit.runners.ParentRunner$1.schedule(ParentRunner.java:71) [junit-4.12.jar:4.12]
	at org.junit.runners.ParentRunner.runChildren(ParentRunner.java:288) [junit-4.12.jar:4.12]
	at org.junit.runners.ParentRunner.access$000(ParentRunner.java:58) [junit-4.12.jar:4.12]
	at org.junit.runners.ParentRunner$2.evaluate(ParentRunner.java:268) [junit-4.12.jar:4.12]
	at org.springframework.test.context.junit4.statements.RunBeforeTestClassCallbacks.evaluate(RunBeforeTestClassCallbacks.java:61) [spring-test-4.1.5.RELEASE.jar:4.1.5.RELEASE]
	at org.springframework.test.context.junit4.statements.RunAfterTestClassCallbacks.evaluate(RunAfterTestClassCallbacks.java:68) [spring-test-4.1.5.RELEASE.jar:4.1.5.RELEASE]
	at org.junit.runners.ParentRunner.run(ParentRunner.java:363) [junit-4.12.jar:4.12]
	at org.springframework.test.context.junit4.SpringJUnit4ClassRunner.run(SpringJUnit4ClassRunner.java:163) [spring-test-4.1.5.RELEASE.jar:4.1.5.RELEASE]
	at org.apache.maven.surefire.junit4.JUnit4TestSet.execute(JUnit4TestSet.java:53) [surefire-junit4-2.10.jar:2.10]
	at org.apache.maven.surefire.junit4.JUnit4Provider.executeTestSet(JUnit4Provider.java:123) [surefire-junit4-2.10.jar:2.10]
	at org.apache.maven.surefire.junit4.JUnit4Provider.invoke(JUnit4Provider.java:104) [surefire-junit4-2.10.jar:2.10]
	at sun.reflect.NativeMethodAccessorImpl.invoke0(Native Method) ~[na:1.7.0_75]
	at sun.reflect.NativeMethodAccessorImpl.invoke(NativeMethodAccessorImpl.java:57) ~[na:1.7.0_75]
	at sun.reflect.DelegatingMethodAccessorImpl.invoke(DelegatingMethodAccessorImpl.java:43) ~[na:1.7.0_75]
	at java.lang.reflect.Method.invoke(Method.java:606) ~[na:1.7.0_75]
	at org.apache.maven.surefire.util.ReflectionUtils.invokeMethodWithArray(ReflectionUtils.java:164) [surefire-api-2.10.jar:2.10]
	at org.apache.maven.surefire.booter.ProviderFactory$ProviderProxy.invoke(ProviderFactory.java:110) [surefire-booter-2.10.jar:2.10]
	at org.apache.maven.surefire.booter.SurefireStarter.invokeProvider(SurefireStarter.java:175) [surefire-booter-2.10.jar:2.10]
	at org.apache.maven.surefire.booter.SurefireStarter.runSuitesInProcessWhenForked(SurefireStarter.java:107) [surefire-booter-2.10.jar:2.10]
	at org.apache.maven.surefire.booter.ForkedBooter.main(ForkedBooter.java:68) [surefire-booter-2.10.jar:2.10]
Caused by: org.springframework.beans.factory.BeanCreationException: Could not autowire field: private no.nmdc.oaipmhharvester.service.HarvestService no.nmdc.oaipmhharvester.service.HarvestServiceImplTest.instance; nested exception is org.springframework.beans.factory.NoSuchBeanDefinitionException: No qualifying bean of type [no.nmdc.oaipmhharvester.service.HarvestService] found for dependency: expected at least 1 bean which qualifies as autowire candidate for this dependency. Dependency annotations: {@org.springframework.beans.factory.annotation.Autowired(required=true)}
	at org.springframework.beans.factory.annotation.AutowiredAnnotationBeanPostProcessor$AutowiredFieldElement.inject(AutowiredAnnotationBeanPostProcessor.java:561) ~[spring-beans-4.1.5.RELEASE.jar:4.1.5.RELEASE]
	at org.springframework.beans.factory.annotation.InjectionMetadata.inject(InjectionMetadata.java:88) ~[spring-beans-4.1.5.RELEASE.jar:4.1.5.RELEASE]
	at org.springframework.beans.factory.annotation.AutowiredAnnotationBeanPostProcessor.postProcessPropertyValues(AutowiredAnnotationBeanPostProcessor.java:331) ~[spring-beans-4.1.5.RELEASE.jar:4.1.5.RELEASE]
	... 32 common frames omitted
Caused by: org.springframework.beans.factory.NoSuchBeanDefinitionException: No qualifying bean of type [no.nmdc.oaipmhharvester.service.HarvestService] found for dependency: expected at least 1 bean which qualifies as autowire candidate for this dependency. Dependency annotations: {@org.springframework.beans.factory.annotation.Autowired(required=true)}
	at org.springframework.beans.factory.support.DefaultListableBeanFactory.raiseNoSuchBeanDefinitionException(DefaultListableBeanFactory.java:1301) ~[spring-beans-4.1.5.RELEASE.jar:4.1.5.RELEASE]
	at org.springframework.beans.factory.support.DefaultListableBeanFactory.doResolveDependency(DefaultListableBeanFactory.java:1047) ~[spring-beans-4.1.5.RELEASE.jar:4.1.5.RELEASE]
	at org.springframework.beans.factory.support.DefaultListableBeanFactory.resolveDependency(DefaultListableBeanFactory.java:942) ~[spring-beans-4.1.5.RELEASE.jar:4.1.5.RELEASE]
	at org.springframework.beans.factory.annotation.AutowiredAnnotationBeanPostProcessor$AutowiredFieldElement.inject(AutowiredAnnotationBeanPostProcessor.java:533) ~[spring-beans-4.1.5.RELEASE.jar:4.1.5.RELEASE]
	... 34 common frames omitted
15:01:53.941 [main] ERROR o.s.test.context.TestContextManager - Caught exception while allowing TestExecutionListener [org.springframework.test.context.support.DependencyInjectionTestExecutionListener@485b0752] to prepare test instance [no.nmdc.oaipmhharvester.service.HarvestServiceImplTest@6cdb177d]
java.lang.IllegalStateException: Failed to load ApplicationContext
	at org.springframework.test.context.DefaultCacheAwareContextLoaderDelegate.loadContext(DefaultCacheAwareContextLoaderDelegate.java:94) ~[spring-test-4.1.5.RELEASE.jar:4.1.5.RELEASE]
	at org.springframework.test.context.DefaultTestContext.getApplicationContext(DefaultTestContext.java:72) ~[spring-test-4.1.5.RELEASE.jar:4.1.5.RELEASE]
	at org.springframework.test.context.support.DependencyInjectionTestExecutionListener.injectDependencies(DependencyInjectionTestExecutionListener.java:117) ~[spring-test-4.1.5.RELEASE.jar:4.1.5.RELEASE]
	at org.springframework.test.context.support.DependencyInjectionTestExecutionListener.prepareTestInstance(DependencyInjectionTestExecutionListener.java:83) ~[spring-test-4.1.5.RELEASE.jar:4.1.5.RELEASE]
	at org.springframework.test.context.TestContextManager.prepareTestInstance(TestContextManager.java:212) ~[spring-test-4.1.5.RELEASE.jar:4.1.5.RELEASE]
	at org.springframework.test.context.junit4.SpringJUnit4ClassRunner.createTest(SpringJUnit4ClassRunner.java:200) [spring-test-4.1.5.RELEASE.jar:4.1.5.RELEASE]
	at org.springframework.test.context.junit4.SpringJUnit4ClassRunner$1.runReflectiveCall(SpringJUnit4ClassRunner.java:259) [spring-test-4.1.5.RELEASE.jar:4.1.5.RELEASE]
	at org.junit.internal.runners.model.ReflectiveCallable.run(ReflectiveCallable.java:12) [junit-4.12.jar:4.12]
	at org.springframework.test.context.junit4.SpringJUnit4ClassRunner.methodBlock(SpringJUnit4ClassRunner.java:261) [spring-test-4.1.5.RELEASE.jar:4.1.5.RELEASE]
	at org.springframework.test.context.junit4.SpringJUnit4ClassRunner.runChild(SpringJUnit4ClassRunner.java:219) [spring-test-4.1.5.RELEASE.jar:4.1.5.RELEASE]
	at org.springframework.test.context.junit4.SpringJUnit4ClassRunner.runChild(SpringJUnit4ClassRunner.java:83) [spring-test-4.1.5.RELEASE.jar:4.1.5.RELEASE]
	at org.junit.runners.ParentRunner$3.run(ParentRunner.java:290) [junit-4.12.jar:4.12]
	at org.junit.runners.ParentRunner$1.schedule(ParentRunner.java:71) [junit-4.12.jar:4.12]
	at org.junit.runners.ParentRunner.runChildren(ParentRunner.java:288) [junit-4.12.jar:4.12]
	at org.junit.runners.ParentRunner.access$000(ParentRunner.java:58) [junit-4.12.jar:4.12]
	at org.junit.runners.ParentRunner$2.evaluate(ParentRunner.java:268) [junit-4.12.jar:4.12]
	at org.springframework.test.context.junit4.statements.RunBeforeTestClassCallbacks.evaluate(RunBeforeTestClassCallbacks.java:61) [spring-test-4.1.5.RELEASE.jar:4.1.5.RELEASE]
	at org.springframework.test.context.junit4.statements.RunAfterTestClassCallbacks.evaluate(RunAfterTestClassCallbacks.java:68) [spring-test-4.1.5.RELEASE.jar:4.1.5.RELEASE]
	at org.junit.runners.ParentRunner.run(ParentRunner.java:363) [junit-4.12.jar:4.12]
	at org.springframework.test.context.junit4.SpringJUnit4ClassRunner.run(SpringJUnit4ClassRunner.java:163) [spring-test-4.1.5.RELEASE.jar:4.1.5.RELEASE]
	at org.apache.maven.surefire.junit4.JUnit4TestSet.execute(JUnit4TestSet.java:53) [surefire-junit4-2.10.jar:2.10]
	at org.apache.maven.surefire.junit4.JUnit4Provider.executeTestSet(JUnit4Provider.java:123) [surefire-junit4-2.10.jar:2.10]
	at org.apache.maven.surefire.junit4.JUnit4Provider.invoke(JUnit4Provider.java:104) [surefire-junit4-2.10.jar:2.10]
	at sun.reflect.NativeMethodAccessorImpl.invoke0(Native Method) ~[na:1.7.0_75]
	at sun.reflect.NativeMethodAccessorImpl.invoke(NativeMethodAccessorImpl.java:57) ~[na:1.7.0_75]
	at sun.reflect.DelegatingMethodAccessorImpl.invoke(DelegatingMethodAccessorImpl.java:43) ~[na:1.7.0_75]
	at java.lang.reflect.Method.invoke(Method.java:606) ~[na:1.7.0_75]
	at org.apache.maven.surefire.util.ReflectionUtils.invokeMethodWithArray(ReflectionUtils.java:164) [surefire-api-2.10.jar:2.10]
	at org.apache.maven.surefire.booter.ProviderFactory$ProviderProxy.invoke(ProviderFactory.java:110) [surefire-booter-2.10.jar:2.10]
	at org.apache.maven.surefire.booter.SurefireStarter.invokeProvider(SurefireStarter.java:175) [surefire-booter-2.10.jar:2.10]
	at org.apache.maven.surefire.booter.SurefireStarter.runSuitesInProcessWhenForked(SurefireStarter.java:107) [surefire-booter-2.10.jar:2.10]
	at org.apache.maven.surefire.booter.ForkedBooter.main(ForkedBooter.java:68) [surefire-booter-2.10.jar:2.10]
Caused by: org.springframework.beans.factory.BeanCreationException: Error creating bean with name 'harvestService': Injection of autowired dependencies failed; nested exception is org.springframework.beans.factory.BeanCreationException: Could not autowire field: private no.nmdc.oaipmhharvester.service.OAIPMHService no.nmdc.oaipmhharvester.service.HarvestServiceImpl.oaipmhService; nested exception is org.springframework.beans.factory.BeanCreationException: Error creating bean with name 'oaiPMHservice' defined in no.nmdc.oaipmhharvester.service.HarvestServiceImplTest$ContextConfiguration: Bean instantiation via factory method failed; nested exception is org.springframework.beans.BeanInstantiationException: Failed to instantiate [no.nmdc.oaipmhharvester.service.OAIPMHService]: Factory method 'oaiPMHservice' threw exception; nested exception is java.lang.AssertionError
	at org.springframework.beans.factory.annotation.AutowiredAnnotationBeanPostProcessor.postProcessPropertyValues(AutowiredAnnotationBeanPostProcessor.java:334) ~[spring-beans-4.1.5.RELEASE.jar:4.1.5.RELEASE]
	at org.springframework.beans.factory.support.AbstractAutowireCapableBeanFactory.populateBean(AbstractAutowireCapableBeanFactory.java:1202) ~[spring-beans-4.1.5.RELEASE.jar:4.1.5.RELEASE]
	at org.springframework.beans.factory.support.AbstractAutowireCapableBeanFactory.doCreateBean(AbstractAutowireCapableBeanFactory.java:537) ~[spring-beans-4.1.5.RELEASE.jar:4.1.5.RELEASE]
	at org.springframework.beans.factory.support.AbstractAutowireCapableBeanFactory.createBean(AbstractAutowireCapableBeanFactory.java:476) ~[spring-beans-4.1.5.RELEASE.jar:4.1.5.RELEASE]
	at org.springframework.beans.factory.support.AbstractBeanFactory$1.getObject(AbstractBeanFactory.java:303) ~[spring-beans-4.1.5.RELEASE.jar:4.1.5.RELEASE]
	at org.springframework.beans.factory.support.DefaultSingletonBeanRegistry.getSingleton(DefaultSingletonBeanRegistry.java:230) ~[spring-beans-4.1.5.RELEASE.jar:4.1.5.RELEASE]
	at org.springframework.beans.factory.support.AbstractBeanFactory.doGetBean(AbstractBeanFactory.java:299) ~[spring-beans-4.1.5.RELEASE.jar:4.1.5.RELEASE]
	at org.springframework.beans.factory.support.AbstractBeanFactory.getBean(AbstractBeanFactory.java:194) ~[spring-beans-4.1.5.RELEASE.jar:4.1.5.RELEASE]
	at org.springframework.beans.factory.support.DefaultListableBeanFactory.preInstantiateSingletons(DefaultListableBeanFactory.java:755) ~[spring-beans-4.1.5.RELEASE.jar:4.1.5.RELEASE]
	at org.springframework.context.support.AbstractApplicationContext.finishBeanFactoryInitialization(AbstractApplicationContext.java:757) ~[spring-context-4.1.5.RELEASE.jar:4.1.5.RELEASE]
	at org.springframework.context.support.AbstractApplicationContext.refresh(AbstractApplicationContext.java:480) ~[spring-context-4.1.5.RELEASE.jar:4.1.5.RELEASE]
	at org.springframework.test.context.support.AbstractGenericContextLoader.loadContext(AbstractGenericContextLoader.java:125) ~[spring-test-4.1.5.RELEASE.jar:4.1.5.RELEASE]
	at org.springframework.test.context.support.AbstractGenericContextLoader.loadContext(AbstractGenericContextLoader.java:60) ~[spring-test-4.1.5.RELEASE.jar:4.1.5.RELEASE]
	at org.springframework.test.context.DefaultCacheAwareContextLoaderDelegate.loadContextInternal(DefaultCacheAwareContextLoaderDelegate.java:68) ~[spring-test-4.1.5.RELEASE.jar:4.1.5.RELEASE]
	at org.springframework.test.context.DefaultCacheAwareContextLoaderDelegate.loadContext(DefaultCacheAwareContextLoaderDelegate.java:86) ~[spring-test-4.1.5.RELEASE.jar:4.1.5.RELEASE]
	... 31 common frames omitted
Caused by: org.springframework.beans.factory.BeanCreationException: Could not autowire field: private no.nmdc.oaipmhharvester.service.OAIPMHService no.nmdc.oaipmhharvester.service.HarvestServiceImpl.oaipmhService; nested exception is org.springframework.beans.factory.BeanCreationException: Error creating bean with name 'oaiPMHservice' defined in no.nmdc.oaipmhharvester.service.HarvestServiceImplTest$ContextConfiguration: Bean instantiation via factory method failed; nested exception is org.springframework.beans.BeanInstantiationException: Failed to instantiate [no.nmdc.oaipmhharvester.service.OAIPMHService]: Factory method 'oaiPMHservice' threw exception; nested exception is java.lang.AssertionError
	at org.springframework.beans.factory.annotation.AutowiredAnnotationBeanPostProcessor$AutowiredFieldElement.inject(AutowiredAnnotationBeanPostProcessor.java:561) ~[spring-beans-4.1.5.RELEASE.jar:4.1.5.RELEASE]
	at org.springframework.beans.factory.annotation.InjectionMetadata.inject(InjectionMetadata.java:88) ~[spring-beans-4.1.5.RELEASE.jar:4.1.5.RELEASE]
	at org.springframework.beans.factory.annotation.AutowiredAnnotationBeanPostProcessor.postProcessPropertyValues(AutowiredAnnotationBeanPostProcessor.java:331) ~[spring-beans-4.1.5.RELEASE.jar:4.1.5.RELEASE]
	... 45 common frames omitted
Caused by: org.springframework.beans.factory.BeanCreationException: Error creating bean with name 'oaiPMHservice' defined in no.nmdc.oaipmhharvester.service.HarvestServiceImplTest$ContextConfiguration: Bean instantiation via factory method failed; nested exception is org.springframework.beans.BeanInstantiationException: Failed to instantiate [no.nmdc.oaipmhharvester.service.OAIPMHService]: Factory method 'oaiPMHservice' threw exception; nested exception is java.lang.AssertionError
	at org.springframework.beans.factory.support.ConstructorResolver.instantiateUsingFactoryMethod(ConstructorResolver.java:599) ~[spring-beans-4.1.5.RELEASE.jar:4.1.5.RELEASE]
	at org.springframework.beans.factory.support.AbstractAutowireCapableBeanFactory.instantiateUsingFactoryMethod(AbstractAutowireCapableBeanFactory.java:1111) ~[spring-beans-4.1.5.RELEASE.jar:4.1.5.RELEASE]
	at org.springframework.beans.factory.support.AbstractAutowireCapableBeanFactory.createBeanInstance(AbstractAutowireCapableBeanFactory.java:1006) ~[spring-beans-4.1.5.RELEASE.jar:4.1.5.RELEASE]
	at org.springframework.beans.factory.support.AbstractAutowireCapableBeanFactory.doCreateBean(AbstractAutowireCapableBeanFactory.java:504) ~[spring-beans-4.1.5.RELEASE.jar:4.1.5.RELEASE]
	at org.springframework.beans.factory.support.AbstractAutowireCapableBeanFactory.createBean(AbstractAutowireCapableBeanFactory.java:476) ~[spring-beans-4.1.5.RELEASE.jar:4.1.5.RELEASE]
	at org.springframework.beans.factory.support.AbstractBeanFactory$1.getObject(AbstractBeanFactory.java:303) ~[spring-beans-4.1.5.RELEASE.jar:4.1.5.RELEASE]
	at org.springframework.beans.factory.support.DefaultSingletonBeanRegistry.getSingleton(DefaultSingletonBeanRegistry.java:230) ~[spring-beans-4.1.5.RELEASE.jar:4.1.5.RELEASE]
	at org.springframework.beans.factory.support.AbstractBeanFactory.doGetBean(AbstractBeanFactory.java:299) ~[spring-beans-4.1.5.RELEASE.jar:4.1.5.RELEASE]
	at org.springframework.beans.factory.support.AbstractBeanFactory.getBean(AbstractBeanFactory.java:194) ~[spring-beans-4.1.5.RELEASE.jar:4.1.5.RELEASE]
	at org.springframework.beans.factory.support.DefaultListableBeanFactory.findAutowireCandidates(DefaultListableBeanFactory.java:1120) ~[spring-beans-4.1.5.RELEASE.jar:4.1.5.RELEASE]
	at org.springframework.beans.factory.support.DefaultListableBeanFactory.doResolveDependency(DefaultListableBeanFactory.java:1044) ~[spring-beans-4.1.5.RELEASE.jar:4.1.5.RELEASE]
	at org.springframework.beans.factory.support.DefaultListableBeanFactory.resolveDependency(DefaultListableBeanFactory.java:942) ~[spring-beans-4.1.5.RELEASE.jar:4.1.5.RELEASE]
	at org.springframework.beans.factory.annotation.AutowiredAnnotationBeanPostProcessor$AutowiredFieldElement.inject(AutowiredAnnotationBeanPostProcessor.java:533) ~[spring-beans-4.1.5.RELEASE.jar:4.1.5.RELEASE]
	... 47 common frames omitted
Caused by: org.springframework.beans.BeanInstantiationException: Failed to instantiate [no.nmdc.oaipmhharvester.service.OAIPMHService]: Factory method 'oaiPMHservice' threw exception; nested exception is java.lang.AssertionError
	at org.springframework.beans.factory.support.SimpleInstantiationStrategy.instantiate(SimpleInstantiationStrategy.java:189) ~[spring-beans-4.1.5.RELEASE.jar:4.1.5.RELEASE]
	at org.springframework.beans.factory.support.ConstructorResolver.instantiateUsingFactoryMethod(ConstructorResolver.java:588) ~[spring-beans-4.1.5.RELEASE.jar:4.1.5.RELEASE]
	... 59 common frames omitted
Caused by: java.lang.AssertionError: null
	at org.apache.xmlbeans.impl.values.XmlObjectBase.get_store(XmlObjectBase.java:860) ~[xmlbeans-2.6.0.jar:na]
	at org.openarchives.oai.x20.impl.RecordTypeImpl.getHeader(Unknown Source) ~[oai-9.7.1.jar:na]
	at no.nmdc.oaipmhharvester.service.HarvestServiceImplTest$ContextConfiguration.oaiPMHservice(HarvestServiceImplTest.java:68) ~[test-classes/:na]
	at no.nmdc.oaipmhharvester.service.HarvestServiceImplTest$ContextConfiguration$$EnhancerBySpringCGLIB$$b2665022.CGLIB$oaiPMHservice$2(<generated>) ~[spring-core-4.1.5.RELEASE.jar:na]
	at no.nmdc.oaipmhharvester.service.HarvestServiceImplTest$ContextConfiguration$$EnhancerBySpringCGLIB$$b2665022$$FastClassBySpringCGLIB$$11ef285f.invoke(<generated>) ~[spring-core-4.1.5.RELEASE.jar:na]
	at org.springframework.cglib.proxy.MethodProxy.invokeSuper(MethodProxy.java:228) ~[spring-core-4.1.5.RELEASE.jar:4.1.5.RELEASE]
	at org.springframework.context.annotation.ConfigurationClassEnhancer$BeanMethodInterceptor.intercept(ConfigurationClassEnhancer.java:309) ~[spring-context-4.1.5.RELEASE.jar:4.1.5.RELEASE]
	at no.nmdc.oaipmhharvester.service.HarvestServiceImplTest$ContextConfiguration$$EnhancerBySpringCGLIB$$b2665022.oaiPMHservice(<generated>) ~[spring-core-4.1.5.RELEASE.jar:na]
	at sun.reflect.NativeMethodAccessorImpl.invoke0(Native Method) ~[na:1.7.0_75]
	at sun.reflect.NativeMethodAccessorImpl.invoke(NativeMethodAccessorImpl.java:57) ~[na:1.7.0_75]
	at sun.reflect.DelegatingMethodAccessorImpl.invoke(DelegatingMethodAccessorImpl.java:43) ~[na:1.7.0_75]
	at java.lang.reflect.Method.invoke(Method.java:606) ~[na:1.7.0_75]
	at org.springframework.beans.factory.support.SimpleInstantiationStrategy.instantiate(SimpleInstantiationStrategy.java:162) ~[spring-beans-4.1.5.RELEASE.jar:4.1.5.RELEASE]
	... 60 common frames omitted
15:03:06.605 [main] ERROR o.s.test.context.TestContextManager - Caught exception while allowing TestExecutionListener [org.springframework.test.context.support.DependencyInjectionTestExecutionListener@56af29e] to prepare test instance [no.nmdc.oaipmhharvester.service.HarvestServiceImplTest@51710307]
java.lang.IllegalStateException: Failed to load ApplicationContext
	at org.springframework.test.context.DefaultCacheAwareContextLoaderDelegate.loadContext(DefaultCacheAwareContextLoaderDelegate.java:94) ~[spring-test-4.1.5.RELEASE.jar:4.1.5.RELEASE]
	at org.springframework.test.context.DefaultTestContext.getApplicationContext(DefaultTestContext.java:72) ~[spring-test-4.1.5.RELEASE.jar:4.1.5.RELEASE]
	at org.springframework.test.context.support.DependencyInjectionTestExecutionListener.injectDependencies(DependencyInjectionTestExecutionListener.java:117) ~[spring-test-4.1.5.RELEASE.jar:4.1.5.RELEASE]
	at org.springframework.test.context.support.DependencyInjectionTestExecutionListener.prepareTestInstance(DependencyInjectionTestExecutionListener.java:83) ~[spring-test-4.1.5.RELEASE.jar:4.1.5.RELEASE]
	at org.springframework.test.context.TestContextManager.prepareTestInstance(TestContextManager.java:212) ~[spring-test-4.1.5.RELEASE.jar:4.1.5.RELEASE]
	at org.springframework.test.context.junit4.SpringJUnit4ClassRunner.createTest(SpringJUnit4ClassRunner.java:200) [spring-test-4.1.5.RELEASE.jar:4.1.5.RELEASE]
	at org.springframework.test.context.junit4.SpringJUnit4ClassRunner$1.runReflectiveCall(SpringJUnit4ClassRunner.java:259) [spring-test-4.1.5.RELEASE.jar:4.1.5.RELEASE]
	at org.junit.internal.runners.model.ReflectiveCallable.run(ReflectiveCallable.java:12) [junit-4.12.jar:4.12]
	at org.springframework.test.context.junit4.SpringJUnit4ClassRunner.methodBlock(SpringJUnit4ClassRunner.java:261) [spring-test-4.1.5.RELEASE.jar:4.1.5.RELEASE]
	at org.springframework.test.context.junit4.SpringJUnit4ClassRunner.runChild(SpringJUnit4ClassRunner.java:219) [spring-test-4.1.5.RELEASE.jar:4.1.5.RELEASE]
	at org.springframework.test.context.junit4.SpringJUnit4ClassRunner.runChild(SpringJUnit4ClassRunner.java:83) [spring-test-4.1.5.RELEASE.jar:4.1.5.RELEASE]
	at org.junit.runners.ParentRunner$3.run(ParentRunner.java:290) [junit-4.12.jar:4.12]
	at org.junit.runners.ParentRunner$1.schedule(ParentRunner.java:71) [junit-4.12.jar:4.12]
	at org.junit.runners.ParentRunner.runChildren(ParentRunner.java:288) [junit-4.12.jar:4.12]
	at org.junit.runners.ParentRunner.access$000(ParentRunner.java:58) [junit-4.12.jar:4.12]
	at org.junit.runners.ParentRunner$2.evaluate(ParentRunner.java:268) [junit-4.12.jar:4.12]
	at org.springframework.test.context.junit4.statements.RunBeforeTestClassCallbacks.evaluate(RunBeforeTestClassCallbacks.java:61) [spring-test-4.1.5.RELEASE.jar:4.1.5.RELEASE]
	at org.springframework.test.context.junit4.statements.RunAfterTestClassCallbacks.evaluate(RunAfterTestClassCallbacks.java:68) [spring-test-4.1.5.RELEASE.jar:4.1.5.RELEASE]
	at org.junit.runners.ParentRunner.run(ParentRunner.java:363) [junit-4.12.jar:4.12]
	at org.springframework.test.context.junit4.SpringJUnit4ClassRunner.run(SpringJUnit4ClassRunner.java:163) [spring-test-4.1.5.RELEASE.jar:4.1.5.RELEASE]
	at org.apache.maven.surefire.junit4.JUnit4TestSet.execute(JUnit4TestSet.java:53) [surefire-junit4-2.10.jar:2.10]
	at org.apache.maven.surefire.junit4.JUnit4Provider.executeTestSet(JUnit4Provider.java:123) [surefire-junit4-2.10.jar:2.10]
	at org.apache.maven.surefire.junit4.JUnit4Provider.invoke(JUnit4Provider.java:104) [surefire-junit4-2.10.jar:2.10]
	at sun.reflect.NativeMethodAccessorImpl.invoke0(Native Method) ~[na:1.7.0_75]
	at sun.reflect.NativeMethodAccessorImpl.invoke(NativeMethodAccessorImpl.java:57) ~[na:1.7.0_75]
	at sun.reflect.DelegatingMethodAccessorImpl.invoke(DelegatingMethodAccessorImpl.java:43) ~[na:1.7.0_75]
	at java.lang.reflect.Method.invoke(Method.java:606) ~[na:1.7.0_75]
	at org.apache.maven.surefire.util.ReflectionUtils.invokeMethodWithArray(ReflectionUtils.java:164) [surefire-api-2.10.jar:2.10]
	at org.apache.maven.surefire.booter.ProviderFactory$ProviderProxy.invoke(ProviderFactory.java:110) [surefire-booter-2.10.jar:2.10]
	at org.apache.maven.surefire.booter.SurefireStarter.invokeProvider(SurefireStarter.java:175) [surefire-booter-2.10.jar:2.10]
	at org.apache.maven.surefire.booter.SurefireStarter.runSuitesInProcessWhenForked(SurefireStarter.java:107) [surefire-booter-2.10.jar:2.10]
	at org.apache.maven.surefire.booter.ForkedBooter.main(ForkedBooter.java:68) [surefire-booter-2.10.jar:2.10]
Caused by: org.springframework.beans.factory.BeanCreationException: Error creating bean with name 'harvestService': Injection of autowired dependencies failed; nested exception is org.springframework.beans.factory.BeanCreationException: Could not autowire field: private no.nmdc.oaipmhharvester.service.OAIPMHService no.nmdc.oaipmhharvester.service.HarvestServiceImpl.oaipmhService; nested exception is org.springframework.beans.factory.BeanCreationException: Error creating bean with name 'oaiPMHservice' defined in no.nmdc.oaipmhharvester.service.HarvestServiceImplTest$ContextConfiguration: Bean instantiation via factory method failed; nested exception is org.springframework.beans.BeanInstantiationException: Failed to instantiate [no.nmdc.oaipmhharvester.service.OAIPMHService]: Factory method 'oaiPMHservice' threw exception; nested exception is java.lang.AssertionError
	at org.springframework.beans.factory.annotation.AutowiredAnnotationBeanPostProcessor.postProcessPropertyValues(AutowiredAnnotationBeanPostProcessor.java:334) ~[spring-beans-4.1.5.RELEASE.jar:4.1.5.RELEASE]
	at org.springframework.beans.factory.support.AbstractAutowireCapableBeanFactory.populateBean(AbstractAutowireCapableBeanFactory.java:1202) ~[spring-beans-4.1.5.RELEASE.jar:4.1.5.RELEASE]
	at org.springframework.beans.factory.support.AbstractAutowireCapableBeanFactory.doCreateBean(AbstractAutowireCapableBeanFactory.java:537) ~[spring-beans-4.1.5.RELEASE.jar:4.1.5.RELEASE]
	at org.springframework.beans.factory.support.AbstractAutowireCapableBeanFactory.createBean(AbstractAutowireCapableBeanFactory.java:476) ~[spring-beans-4.1.5.RELEASE.jar:4.1.5.RELEASE]
	at org.springframework.beans.factory.support.AbstractBeanFactory$1.getObject(AbstractBeanFactory.java:303) ~[spring-beans-4.1.5.RELEASE.jar:4.1.5.RELEASE]
	at org.springframework.beans.factory.support.DefaultSingletonBeanRegistry.getSingleton(DefaultSingletonBeanRegistry.java:230) ~[spring-beans-4.1.5.RELEASE.jar:4.1.5.RELEASE]
	at org.springframework.beans.factory.support.AbstractBeanFactory.doGetBean(AbstractBeanFactory.java:299) ~[spring-beans-4.1.5.RELEASE.jar:4.1.5.RELEASE]
	at org.springframework.beans.factory.support.AbstractBeanFactory.getBean(AbstractBeanFactory.java:194) ~[spring-beans-4.1.5.RELEASE.jar:4.1.5.RELEASE]
	at org.springframework.beans.factory.support.DefaultListableBeanFactory.preInstantiateSingletons(DefaultListableBeanFactory.java:755) ~[spring-beans-4.1.5.RELEASE.jar:4.1.5.RELEASE]
	at org.springframework.context.support.AbstractApplicationContext.finishBeanFactoryInitialization(AbstractApplicationContext.java:757) ~[spring-context-4.1.5.RELEASE.jar:4.1.5.RELEASE]
	at org.springframework.context.support.AbstractApplicationContext.refresh(AbstractApplicationContext.java:480) ~[spring-context-4.1.5.RELEASE.jar:4.1.5.RELEASE]
	at org.springframework.test.context.support.AbstractGenericContextLoader.loadContext(AbstractGenericContextLoader.java:125) ~[spring-test-4.1.5.RELEASE.jar:4.1.5.RELEASE]
	at org.springframework.test.context.support.AbstractGenericContextLoader.loadContext(AbstractGenericContextLoader.java:60) ~[spring-test-4.1.5.RELEASE.jar:4.1.5.RELEASE]
	at org.springframework.test.context.DefaultCacheAwareContextLoaderDelegate.loadContextInternal(DefaultCacheAwareContextLoaderDelegate.java:68) ~[spring-test-4.1.5.RELEASE.jar:4.1.5.RELEASE]
	at org.springframework.test.context.DefaultCacheAwareContextLoaderDelegate.loadContext(DefaultCacheAwareContextLoaderDelegate.java:86) ~[spring-test-4.1.5.RELEASE.jar:4.1.5.RELEASE]
	... 31 common frames omitted
Caused by: org.springframework.beans.factory.BeanCreationException: Could not autowire field: private no.nmdc.oaipmhharvester.service.OAIPMHService no.nmdc.oaipmhharvester.service.HarvestServiceImpl.oaipmhService; nested exception is org.springframework.beans.factory.BeanCreationException: Error creating bean with name 'oaiPMHservice' defined in no.nmdc.oaipmhharvester.service.HarvestServiceImplTest$ContextConfiguration: Bean instantiation via factory method failed; nested exception is org.springframework.beans.BeanInstantiationException: Failed to instantiate [no.nmdc.oaipmhharvester.service.OAIPMHService]: Factory method 'oaiPMHservice' threw exception; nested exception is java.lang.AssertionError
	at org.springframework.beans.factory.annotation.AutowiredAnnotationBeanPostProcessor$AutowiredFieldElement.inject(AutowiredAnnotationBeanPostProcessor.java:561) ~[spring-beans-4.1.5.RELEASE.jar:4.1.5.RELEASE]
	at org.springframework.beans.factory.annotation.InjectionMetadata.inject(InjectionMetadata.java:88) ~[spring-beans-4.1.5.RELEASE.jar:4.1.5.RELEASE]
	at org.springframework.beans.factory.annotation.AutowiredAnnotationBeanPostProcessor.postProcessPropertyValues(AutowiredAnnotationBeanPostProcessor.java:331) ~[spring-beans-4.1.5.RELEASE.jar:4.1.5.RELEASE]
	... 45 common frames omitted
Caused by: org.springframework.beans.factory.BeanCreationException: Error creating bean with name 'oaiPMHservice' defined in no.nmdc.oaipmhharvester.service.HarvestServiceImplTest$ContextConfiguration: Bean instantiation via factory method failed; nested exception is org.springframework.beans.BeanInstantiationException: Failed to instantiate [no.nmdc.oaipmhharvester.service.OAIPMHService]: Factory method 'oaiPMHservice' threw exception; nested exception is java.lang.AssertionError
	at org.springframework.beans.factory.support.ConstructorResolver.instantiateUsingFactoryMethod(ConstructorResolver.java:599) ~[spring-beans-4.1.5.RELEASE.jar:4.1.5.RELEASE]
	at org.springframework.beans.factory.support.AbstractAutowireCapableBeanFactory.instantiateUsingFactoryMethod(AbstractAutowireCapableBeanFactory.java:1111) ~[spring-beans-4.1.5.RELEASE.jar:4.1.5.RELEASE]
	at org.springframework.beans.factory.support.AbstractAutowireCapableBeanFactory.createBeanInstance(AbstractAutowireCapableBeanFactory.java:1006) ~[spring-beans-4.1.5.RELEASE.jar:4.1.5.RELEASE]
	at org.springframework.beans.factory.support.AbstractAutowireCapableBeanFactory.doCreateBean(AbstractAutowireCapableBeanFactory.java:504) ~[spring-beans-4.1.5.RELEASE.jar:4.1.5.RELEASE]
	at org.springframework.beans.factory.support.AbstractAutowireCapableBeanFactory.createBean(AbstractAutowireCapableBeanFactory.java:476) ~[spring-beans-4.1.5.RELEASE.jar:4.1.5.RELEASE]
	at org.springframework.beans.factory.support.AbstractBeanFactory$1.getObject(AbstractBeanFactory.java:303) ~[spring-beans-4.1.5.RELEASE.jar:4.1.5.RELEASE]
	at org.springframework.beans.factory.support.DefaultSingletonBeanRegistry.getSingleton(DefaultSingletonBeanRegistry.java:230) ~[spring-beans-4.1.5.RELEASE.jar:4.1.5.RELEASE]
	at org.springframework.beans.factory.support.AbstractBeanFactory.doGetBean(AbstractBeanFactory.java:299) ~[spring-beans-4.1.5.RELEASE.jar:4.1.5.RELEASE]
	at org.springframework.beans.factory.support.AbstractBeanFactory.getBean(AbstractBeanFactory.java:194) ~[spring-beans-4.1.5.RELEASE.jar:4.1.5.RELEASE]
	at org.springframework.beans.factory.support.DefaultListableBeanFactory.findAutowireCandidates(DefaultListableBeanFactory.java:1120) ~[spring-beans-4.1.5.RELEASE.jar:4.1.5.RELEASE]
	at org.springframework.beans.factory.support.DefaultListableBeanFactory.doResolveDependency(DefaultListableBeanFactory.java:1044) ~[spring-beans-4.1.5.RELEASE.jar:4.1.5.RELEASE]
	at org.springframework.beans.factory.support.DefaultListableBeanFactory.resolveDependency(DefaultListableBeanFactory.java:942) ~[spring-beans-4.1.5.RELEASE.jar:4.1.5.RELEASE]
	at org.springframework.beans.factory.annotation.AutowiredAnnotationBeanPostProcessor$AutowiredFieldElement.inject(AutowiredAnnotationBeanPostProcessor.java:533) ~[spring-beans-4.1.5.RELEASE.jar:4.1.5.RELEASE]
	... 47 common frames omitted
Caused by: org.springframework.beans.BeanInstantiationException: Failed to instantiate [no.nmdc.oaipmhharvester.service.OAIPMHService]: Factory method 'oaiPMHservice' threw exception; nested exception is java.lang.AssertionError
	at org.springframework.beans.factory.support.SimpleInstantiationStrategy.instantiate(SimpleInstantiationStrategy.java:189) ~[spring-beans-4.1.5.RELEASE.jar:4.1.5.RELEASE]
	at org.springframework.beans.factory.support.ConstructorResolver.instantiateUsingFactoryMethod(ConstructorResolver.java:588) ~[spring-beans-4.1.5.RELEASE.jar:4.1.5.RELEASE]
	... 59 common frames omitted
Caused by: java.lang.AssertionError: null
	at org.apache.xmlbeans.impl.values.XmlObjectBase.get_store(XmlObjectBase.java:860) ~[xmlbeans-2.6.0.jar:na]
	at org.openarchives.oai.x20.impl.HeaderTypeImpl.setIdentifier(Unknown Source) ~[oai-9.7.1.jar:na]
	at no.nmdc.oaipmhharvester.service.HarvestServiceImplTest$ContextConfiguration.oaiPMHservice(HarvestServiceImplTest.java:71) ~[test-classes/:na]
	at no.nmdc.oaipmhharvester.service.HarvestServiceImplTest$ContextConfiguration$$EnhancerBySpringCGLIB$$a900b82f.CGLIB$oaiPMHservice$2(<generated>) ~[spring-core-4.1.5.RELEASE.jar:na]
	at no.nmdc.oaipmhharvester.service.HarvestServiceImplTest$ContextConfiguration$$EnhancerBySpringCGLIB$$a900b82f$$FastClassBySpringCGLIB$$11dc8c76.invoke(<generated>) ~[spring-core-4.1.5.RELEASE.jar:na]
	at org.springframework.cglib.proxy.MethodProxy.invokeSuper(MethodProxy.java:228) ~[spring-core-4.1.5.RELEASE.jar:4.1.5.RELEASE]
	at org.springframework.context.annotation.ConfigurationClassEnhancer$BeanMethodInterceptor.intercept(ConfigurationClassEnhancer.java:309) ~[spring-context-4.1.5.RELEASE.jar:4.1.5.RELEASE]
	at no.nmdc.oaipmhharvester.service.HarvestServiceImplTest$ContextConfiguration$$EnhancerBySpringCGLIB$$a900b82f.oaiPMHservice(<generated>) ~[spring-core-4.1.5.RELEASE.jar:na]
	at sun.reflect.NativeMethodAccessorImpl.invoke0(Native Method) ~[na:1.7.0_75]
	at sun.reflect.NativeMethodAccessorImpl.invoke(NativeMethodAccessorImpl.java:57) ~[na:1.7.0_75]
	at sun.reflect.DelegatingMethodAccessorImpl.invoke(DelegatingMethodAccessorImpl.java:43) ~[na:1.7.0_75]
	at java.lang.reflect.Method.invoke(Method.java:606) ~[na:1.7.0_75]
	at org.springframework.beans.factory.support.SimpleInstantiationStrategy.instantiate(SimpleInstantiationStrategy.java:162) ~[spring-beans-4.1.5.RELEASE.jar:4.1.5.RELEASE]
	... 60 common frames omitted
15:04:35.328 [main] ERROR o.s.test.context.TestContextManager - Caught exception while allowing TestExecutionListener [org.springframework.test.context.support.DependencyInjectionTestExecutionListener@485b0752] to prepare test instance [no.nmdc.oaipmhharvester.service.HarvestServiceImplTest@2f7a6e0e]
java.lang.IllegalStateException: Failed to load ApplicationContext
	at org.springframework.test.context.DefaultCacheAwareContextLoaderDelegate.loadContext(DefaultCacheAwareContextLoaderDelegate.java:94) ~[spring-test-4.1.5.RELEASE.jar:4.1.5.RELEASE]
	at org.springframework.test.context.DefaultTestContext.getApplicationContext(DefaultTestContext.java:72) ~[spring-test-4.1.5.RELEASE.jar:4.1.5.RELEASE]
	at org.springframework.test.context.support.DependencyInjectionTestExecutionListener.injectDependencies(DependencyInjectionTestExecutionListener.java:117) ~[spring-test-4.1.5.RELEASE.jar:4.1.5.RELEASE]
	at org.springframework.test.context.support.DependencyInjectionTestExecutionListener.prepareTestInstance(DependencyInjectionTestExecutionListener.java:83) ~[spring-test-4.1.5.RELEASE.jar:4.1.5.RELEASE]
	at org.springframework.test.context.TestContextManager.prepareTestInstance(TestContextManager.java:212) ~[spring-test-4.1.5.RELEASE.jar:4.1.5.RELEASE]
	at org.springframework.test.context.junit4.SpringJUnit4ClassRunner.createTest(SpringJUnit4ClassRunner.java:200) [spring-test-4.1.5.RELEASE.jar:4.1.5.RELEASE]
	at org.springframework.test.context.junit4.SpringJUnit4ClassRunner$1.runReflectiveCall(SpringJUnit4ClassRunner.java:259) [spring-test-4.1.5.RELEASE.jar:4.1.5.RELEASE]
	at org.junit.internal.runners.model.ReflectiveCallable.run(ReflectiveCallable.java:12) [junit-4.12.jar:4.12]
	at org.springframework.test.context.junit4.SpringJUnit4ClassRunner.methodBlock(SpringJUnit4ClassRunner.java:261) [spring-test-4.1.5.RELEASE.jar:4.1.5.RELEASE]
	at org.springframework.test.context.junit4.SpringJUnit4ClassRunner.runChild(SpringJUnit4ClassRunner.java:219) [spring-test-4.1.5.RELEASE.jar:4.1.5.RELEASE]
	at org.springframework.test.context.junit4.SpringJUnit4ClassRunner.runChild(SpringJUnit4ClassRunner.java:83) [spring-test-4.1.5.RELEASE.jar:4.1.5.RELEASE]
	at org.junit.runners.ParentRunner$3.run(ParentRunner.java:290) [junit-4.12.jar:4.12]
	at org.junit.runners.ParentRunner$1.schedule(ParentRunner.java:71) [junit-4.12.jar:4.12]
	at org.junit.runners.ParentRunner.runChildren(ParentRunner.java:288) [junit-4.12.jar:4.12]
	at org.junit.runners.ParentRunner.access$000(ParentRunner.java:58) [junit-4.12.jar:4.12]
	at org.junit.runners.ParentRunner$2.evaluate(ParentRunner.java:268) [junit-4.12.jar:4.12]
	at org.springframework.test.context.junit4.statements.RunBeforeTestClassCallbacks.evaluate(RunBeforeTestClassCallbacks.java:61) [spring-test-4.1.5.RELEASE.jar:4.1.5.RELEASE]
	at org.springframework.test.context.junit4.statements.RunAfterTestClassCallbacks.evaluate(RunAfterTestClassCallbacks.java:68) [spring-test-4.1.5.RELEASE.jar:4.1.5.RELEASE]
	at org.junit.runners.ParentRunner.run(ParentRunner.java:363) [junit-4.12.jar:4.12]
	at org.springframework.test.context.junit4.SpringJUnit4ClassRunner.run(SpringJUnit4ClassRunner.java:163) [spring-test-4.1.5.RELEASE.jar:4.1.5.RELEASE]
	at org.apache.maven.surefire.junit4.JUnit4TestSet.execute(JUnit4TestSet.java:53) [surefire-junit4-2.10.jar:2.10]
	at org.apache.maven.surefire.junit4.JUnit4Provider.executeTestSet(JUnit4Provider.java:123) [surefire-junit4-2.10.jar:2.10]
	at org.apache.maven.surefire.junit4.JUnit4Provider.invoke(JUnit4Provider.java:104) [surefire-junit4-2.10.jar:2.10]
	at sun.reflect.NativeMethodAccessorImpl.invoke0(Native Method) ~[na:1.7.0_75]
	at sun.reflect.NativeMethodAccessorImpl.invoke(NativeMethodAccessorImpl.java:57) ~[na:1.7.0_75]
	at sun.reflect.DelegatingMethodAccessorImpl.invoke(DelegatingMethodAccessorImpl.java:43) ~[na:1.7.0_75]
	at java.lang.reflect.Method.invoke(Method.java:606) ~[na:1.7.0_75]
	at org.apache.maven.surefire.util.ReflectionUtils.invokeMethodWithArray(ReflectionUtils.java:164) [surefire-api-2.10.jar:2.10]
	at org.apache.maven.surefire.booter.ProviderFactory$ProviderProxy.invoke(ProviderFactory.java:110) [surefire-booter-2.10.jar:2.10]
	at org.apache.maven.surefire.booter.SurefireStarter.invokeProvider(SurefireStarter.java:175) [surefire-booter-2.10.jar:2.10]
	at org.apache.maven.surefire.booter.SurefireStarter.runSuitesInProcessWhenForked(SurefireStarter.java:107) [surefire-booter-2.10.jar:2.10]
	at org.apache.maven.surefire.booter.ForkedBooter.main(ForkedBooter.java:68) [surefire-booter-2.10.jar:2.10]
Caused by: org.springframework.beans.factory.BeanCreationException: Error creating bean with name 'harvestService': Injection of autowired dependencies failed; nested exception is org.springframework.beans.factory.BeanCreationException: Could not autowire field: private no.nmdc.oaipmhharvester.service.OAIPMHService no.nmdc.oaipmhharvester.service.HarvestServiceImpl.oaipmhService; nested exception is org.springframework.beans.factory.BeanCreationException: Error creating bean with name 'oaiPMHservice' defined in no.nmdc.oaipmhharvester.service.HarvestServiceImplTest$ContextConfiguration: Bean instantiation via factory method failed; nested exception is org.springframework.beans.BeanInstantiationException: Failed to instantiate [no.nmdc.oaipmhharvester.service.OAIPMHService]: Factory method 'oaiPMHservice' threw exception; nested exception is java.lang.AssertionError
	at org.springframework.beans.factory.annotation.AutowiredAnnotationBeanPostProcessor.postProcessPropertyValues(AutowiredAnnotationBeanPostProcessor.java:334) ~[spring-beans-4.1.5.RELEASE.jar:4.1.5.RELEASE]
	at org.springframework.beans.factory.support.AbstractAutowireCapableBeanFactory.populateBean(AbstractAutowireCapableBeanFactory.java:1202) ~[spring-beans-4.1.5.RELEASE.jar:4.1.5.RELEASE]
	at org.springframework.beans.factory.support.AbstractAutowireCapableBeanFactory.doCreateBean(AbstractAutowireCapableBeanFactory.java:537) ~[spring-beans-4.1.5.RELEASE.jar:4.1.5.RELEASE]
	at org.springframework.beans.factory.support.AbstractAutowireCapableBeanFactory.createBean(AbstractAutowireCapableBeanFactory.java:476) ~[spring-beans-4.1.5.RELEASE.jar:4.1.5.RELEASE]
	at org.springframework.beans.factory.support.AbstractBeanFactory$1.getObject(AbstractBeanFactory.java:303) ~[spring-beans-4.1.5.RELEASE.jar:4.1.5.RELEASE]
	at org.springframework.beans.factory.support.DefaultSingletonBeanRegistry.getSingleton(DefaultSingletonBeanRegistry.java:230) ~[spring-beans-4.1.5.RELEASE.jar:4.1.5.RELEASE]
	at org.springframework.beans.factory.support.AbstractBeanFactory.doGetBean(AbstractBeanFactory.java:299) ~[spring-beans-4.1.5.RELEASE.jar:4.1.5.RELEASE]
	at org.springframework.beans.factory.support.AbstractBeanFactory.getBean(AbstractBeanFactory.java:194) ~[spring-beans-4.1.5.RELEASE.jar:4.1.5.RELEASE]
	at org.springframework.beans.factory.support.DefaultListableBeanFactory.preInstantiateSingletons(DefaultListableBeanFactory.java:755) ~[spring-beans-4.1.5.RELEASE.jar:4.1.5.RELEASE]
	at org.springframework.context.support.AbstractApplicationContext.finishBeanFactoryInitialization(AbstractApplicationContext.java:757) ~[spring-context-4.1.5.RELEASE.jar:4.1.5.RELEASE]
	at org.springframework.context.support.AbstractApplicationContext.refresh(AbstractApplicationContext.java:480) ~[spring-context-4.1.5.RELEASE.jar:4.1.5.RELEASE]
	at org.springframework.test.context.support.AbstractGenericContextLoader.loadContext(AbstractGenericContextLoader.java:125) ~[spring-test-4.1.5.RELEASE.jar:4.1.5.RELEASE]
	at org.springframework.test.context.support.AbstractGenericContextLoader.loadContext(AbstractGenericContextLoader.java:60) ~[spring-test-4.1.5.RELEASE.jar:4.1.5.RELEASE]
	at org.springframework.test.context.DefaultCacheAwareContextLoaderDelegate.loadContextInternal(DefaultCacheAwareContextLoaderDelegate.java:68) ~[spring-test-4.1.5.RELEASE.jar:4.1.5.RELEASE]
	at org.springframework.test.context.DefaultCacheAwareContextLoaderDelegate.loadContext(DefaultCacheAwareContextLoaderDelegate.java:86) ~[spring-test-4.1.5.RELEASE.jar:4.1.5.RELEASE]
	... 31 common frames omitted
Caused by: org.springframework.beans.factory.BeanCreationException: Could not autowire field: private no.nmdc.oaipmhharvester.service.OAIPMHService no.nmdc.oaipmhharvester.service.HarvestServiceImpl.oaipmhService; nested exception is org.springframework.beans.factory.BeanCreationException: Error creating bean with name 'oaiPMHservice' defined in no.nmdc.oaipmhharvester.service.HarvestServiceImplTest$ContextConfiguration: Bean instantiation via factory method failed; nested exception is org.springframework.beans.BeanInstantiationException: Failed to instantiate [no.nmdc.oaipmhharvester.service.OAIPMHService]: Factory method 'oaiPMHservice' threw exception; nested exception is java.lang.AssertionError
	at org.springframework.beans.factory.annotation.AutowiredAnnotationBeanPostProcessor$AutowiredFieldElement.inject(AutowiredAnnotationBeanPostProcessor.java:561) ~[spring-beans-4.1.5.RELEASE.jar:4.1.5.RELEASE]
	at org.springframework.beans.factory.annotation.InjectionMetadata.inject(InjectionMetadata.java:88) ~[spring-beans-4.1.5.RELEASE.jar:4.1.5.RELEASE]
	at org.springframework.beans.factory.annotation.AutowiredAnnotationBeanPostProcessor.postProcessPropertyValues(AutowiredAnnotationBeanPostProcessor.java:331) ~[spring-beans-4.1.5.RELEASE.jar:4.1.5.RELEASE]
	... 45 common frames omitted
Caused by: org.springframework.beans.factory.BeanCreationException: Error creating bean with name 'oaiPMHservice' defined in no.nmdc.oaipmhharvester.service.HarvestServiceImplTest$ContextConfiguration: Bean instantiation via factory method failed; nested exception is org.springframework.beans.BeanInstantiationException: Failed to instantiate [no.nmdc.oaipmhharvester.service.OAIPMHService]: Factory method 'oaiPMHservice' threw exception; nested exception is java.lang.AssertionError
	at org.springframework.beans.factory.support.ConstructorResolver.instantiateUsingFactoryMethod(ConstructorResolver.java:599) ~[spring-beans-4.1.5.RELEASE.jar:4.1.5.RELEASE]
	at org.springframework.beans.factory.support.AbstractAutowireCapableBeanFactory.instantiateUsingFactoryMethod(AbstractAutowireCapableBeanFactory.java:1111) ~[spring-beans-4.1.5.RELEASE.jar:4.1.5.RELEASE]
	at org.springframework.beans.factory.support.AbstractAutowireCapableBeanFactory.createBeanInstance(AbstractAutowireCapableBeanFactory.java:1006) ~[spring-beans-4.1.5.RELEASE.jar:4.1.5.RELEASE]
	at org.springframework.beans.factory.support.AbstractAutowireCapableBeanFactory.doCreateBean(AbstractAutowireCapableBeanFactory.java:504) ~[spring-beans-4.1.5.RELEASE.jar:4.1.5.RELEASE]
	at org.springframework.beans.factory.support.AbstractAutowireCapableBeanFactory.createBean(AbstractAutowireCapableBeanFactory.java:476) ~[spring-beans-4.1.5.RELEASE.jar:4.1.5.RELEASE]
	at org.springframework.beans.factory.support.AbstractBeanFactory$1.getObject(AbstractBeanFactory.java:303) ~[spring-beans-4.1.5.RELEASE.jar:4.1.5.RELEASE]
	at org.springframework.beans.factory.support.DefaultSingletonBeanRegistry.getSingleton(DefaultSingletonBeanRegistry.java:230) ~[spring-beans-4.1.5.RELEASE.jar:4.1.5.RELEASE]
	at org.springframework.beans.factory.support.AbstractBeanFactory.doGetBean(AbstractBeanFactory.java:299) ~[spring-beans-4.1.5.RELEASE.jar:4.1.5.RELEASE]
	at org.springframework.beans.factory.support.AbstractBeanFactory.getBean(AbstractBeanFactory.java:194) ~[spring-beans-4.1.5.RELEASE.jar:4.1.5.RELEASE]
	at org.springframework.beans.factory.support.DefaultListableBeanFactory.findAutowireCandidates(DefaultListableBeanFactory.java:1120) ~[spring-beans-4.1.5.RELEASE.jar:4.1.5.RELEASE]
	at org.springframework.beans.factory.support.DefaultListableBeanFactory.doResolveDependency(DefaultListableBeanFactory.java:1044) ~[spring-beans-4.1.5.RELEASE.jar:4.1.5.RELEASE]
	at org.springframework.beans.factory.support.DefaultListableBeanFactory.resolveDependency(DefaultListableBeanFactory.java:942) ~[spring-beans-4.1.5.RELEASE.jar:4.1.5.RELEASE]
	at org.springframework.beans.factory.annotation.AutowiredAnnotationBeanPostProcessor$AutowiredFieldElement.inject(AutowiredAnnotationBeanPostProcessor.java:533) ~[spring-beans-4.1.5.RELEASE.jar:4.1.5.RELEASE]
	... 47 common frames omitted
Caused by: org.springframework.beans.BeanInstantiationException: Failed to instantiate [no.nmdc.oaipmhharvester.service.OAIPMHService]: Factory method 'oaiPMHservice' threw exception; nested exception is java.lang.AssertionError
	at org.springframework.beans.factory.support.SimpleInstantiationStrategy.instantiate(SimpleInstantiationStrategy.java:189) ~[spring-beans-4.1.5.RELEASE.jar:4.1.5.RELEASE]
	at org.springframework.beans.factory.support.ConstructorResolver.instantiateUsingFactoryMethod(ConstructorResolver.java:588) ~[spring-beans-4.1.5.RELEASE.jar:4.1.5.RELEASE]
	... 59 common frames omitted
Caused by: java.lang.AssertionError: null
	at org.apache.xmlbeans.impl.values.XmlObjectBase.get_store(XmlObjectBase.java:860) ~[xmlbeans-2.6.0.jar:na]
	at org.openarchives.oai.x20.impl.RecordTypeImpl.setHeader(Unknown Source) ~[oai-9.7.1.jar:na]
	at no.nmdc.oaipmhharvester.service.HarvestServiceImplTest$ContextConfiguration.oaiPMHservice(HarvestServiceImplTest.java:72) ~[test-classes/:na]
	at no.nmdc.oaipmhharvester.service.HarvestServiceImplTest$ContextConfiguration$$EnhancerBySpringCGLIB$$51f86d0f.CGLIB$oaiPMHservice$2(<generated>) ~[spring-core-4.1.5.RELEASE.jar:na]
	at no.nmdc.oaipmhharvester.service.HarvestServiceImplTest$ContextConfiguration$$EnhancerBySpringCGLIB$$51f86d0f$$FastClassBySpringCGLIB$$ec7a0e46.invoke(<generated>) ~[spring-core-4.1.5.RELEASE.jar:na]
	at org.springframework.cglib.proxy.MethodProxy.invokeSuper(MethodProxy.java:228) ~[spring-core-4.1.5.RELEASE.jar:4.1.5.RELEASE]
	at org.springframework.context.annotation.ConfigurationClassEnhancer$BeanMethodInterceptor.intercept(ConfigurationClassEnhancer.java:309) ~[spring-context-4.1.5.RELEASE.jar:4.1.5.RELEASE]
	at no.nmdc.oaipmhharvester.service.HarvestServiceImplTest$ContextConfiguration$$EnhancerBySpringCGLIB$$51f86d0f.oaiPMHservice(<generated>) ~[spring-core-4.1.5.RELEASE.jar:na]
	at sun.reflect.NativeMethodAccessorImpl.invoke0(Native Method) ~[na:1.7.0_75]
	at sun.reflect.NativeMethodAccessorImpl.invoke(NativeMethodAccessorImpl.java:57) ~[na:1.7.0_75]
	at sun.reflect.DelegatingMethodAccessorImpl.invoke(DelegatingMethodAccessorImpl.java:43) ~[na:1.7.0_75]
	at java.lang.reflect.Method.invoke(Method.java:606) ~[na:1.7.0_75]
	at org.springframework.beans.factory.support.SimpleInstantiationStrategy.instantiate(SimpleInstantiationStrategy.java:162) ~[spring-beans-4.1.5.RELEASE.jar:4.1.5.RELEASE]
	... 60 common frames omitted
15:06:14.951 [main] ERROR o.s.test.context.TestContextManager - Caught exception while allowing TestExecutionListener [org.springframework.test.context.support.DependencyInjectionTestExecutionListener@305e65d9] to prepare test instance [no.nmdc.oaipmhharvester.service.HarvestServiceImplTest@31af895e]
java.lang.IllegalStateException: Failed to load ApplicationContext
	at org.springframework.test.context.DefaultCacheAwareContextLoaderDelegate.loadContext(DefaultCacheAwareContextLoaderDelegate.java:94) ~[spring-test-4.1.5.RELEASE.jar:4.1.5.RELEASE]
	at org.springframework.test.context.DefaultTestContext.getApplicationContext(DefaultTestContext.java:72) ~[spring-test-4.1.5.RELEASE.jar:4.1.5.RELEASE]
	at org.springframework.test.context.support.DependencyInjectionTestExecutionListener.injectDependencies(DependencyInjectionTestExecutionListener.java:117) ~[spring-test-4.1.5.RELEASE.jar:4.1.5.RELEASE]
	at org.springframework.test.context.support.DependencyInjectionTestExecutionListener.prepareTestInstance(DependencyInjectionTestExecutionListener.java:83) ~[spring-test-4.1.5.RELEASE.jar:4.1.5.RELEASE]
	at org.springframework.test.context.TestContextManager.prepareTestInstance(TestContextManager.java:212) ~[spring-test-4.1.5.RELEASE.jar:4.1.5.RELEASE]
	at org.springframework.test.context.junit4.SpringJUnit4ClassRunner.createTest(SpringJUnit4ClassRunner.java:200) [spring-test-4.1.5.RELEASE.jar:4.1.5.RELEASE]
	at org.springframework.test.context.junit4.SpringJUnit4ClassRunner$1.runReflectiveCall(SpringJUnit4ClassRunner.java:259) [spring-test-4.1.5.RELEASE.jar:4.1.5.RELEASE]
	at org.junit.internal.runners.model.ReflectiveCallable.run(ReflectiveCallable.java:12) [junit-4.12.jar:4.12]
	at org.springframework.test.context.junit4.SpringJUnit4ClassRunner.methodBlock(SpringJUnit4ClassRunner.java:261) [spring-test-4.1.5.RELEASE.jar:4.1.5.RELEASE]
	at org.springframework.test.context.junit4.SpringJUnit4ClassRunner.runChild(SpringJUnit4ClassRunner.java:219) [spring-test-4.1.5.RELEASE.jar:4.1.5.RELEASE]
	at org.springframework.test.context.junit4.SpringJUnit4ClassRunner.runChild(SpringJUnit4ClassRunner.java:83) [spring-test-4.1.5.RELEASE.jar:4.1.5.RELEASE]
	at org.junit.runners.ParentRunner$3.run(ParentRunner.java:290) [junit-4.12.jar:4.12]
	at org.junit.runners.ParentRunner$1.schedule(ParentRunner.java:71) [junit-4.12.jar:4.12]
	at org.junit.runners.ParentRunner.runChildren(ParentRunner.java:288) [junit-4.12.jar:4.12]
	at org.junit.runners.ParentRunner.access$000(ParentRunner.java:58) [junit-4.12.jar:4.12]
	at org.junit.runners.ParentRunner$2.evaluate(ParentRunner.java:268) [junit-4.12.jar:4.12]
	at org.springframework.test.context.junit4.statements.RunBeforeTestClassCallbacks.evaluate(RunBeforeTestClassCallbacks.java:61) [spring-test-4.1.5.RELEASE.jar:4.1.5.RELEASE]
	at org.springframework.test.context.junit4.statements.RunAfterTestClassCallbacks.evaluate(RunAfterTestClassCallbacks.java:68) [spring-test-4.1.5.RELEASE.jar:4.1.5.RELEASE]
	at org.junit.runners.ParentRunner.run(ParentRunner.java:363) [junit-4.12.jar:4.12]
	at org.springframework.test.context.junit4.SpringJUnit4ClassRunner.run(SpringJUnit4ClassRunner.java:163) [spring-test-4.1.5.RELEASE.jar:4.1.5.RELEASE]
	at org.apache.maven.surefire.junit4.JUnit4TestSet.execute(JUnit4TestSet.java:53) [surefire-junit4-2.10.jar:2.10]
	at org.apache.maven.surefire.junit4.JUnit4Provider.executeTestSet(JUnit4Provider.java:123) [surefire-junit4-2.10.jar:2.10]
	at org.apache.maven.surefire.junit4.JUnit4Provider.invoke(JUnit4Provider.java:104) [surefire-junit4-2.10.jar:2.10]
	at sun.reflect.NativeMethodAccessorImpl.invoke0(Native Method) ~[na:1.7.0_75]
	at sun.reflect.NativeMethodAccessorImpl.invoke(NativeMethodAccessorImpl.java:57) ~[na:1.7.0_75]
	at sun.reflect.DelegatingMethodAccessorImpl.invoke(DelegatingMethodAccessorImpl.java:43) ~[na:1.7.0_75]
	at java.lang.reflect.Method.invoke(Method.java:606) ~[na:1.7.0_75]
	at org.apache.maven.surefire.util.ReflectionUtils.invokeMethodWithArray(ReflectionUtils.java:164) [surefire-api-2.10.jar:2.10]
	at org.apache.maven.surefire.booter.ProviderFactory$ProviderProxy.invoke(ProviderFactory.java:110) [surefire-booter-2.10.jar:2.10]
	at org.apache.maven.surefire.booter.SurefireStarter.invokeProvider(SurefireStarter.java:175) [surefire-booter-2.10.jar:2.10]
	at org.apache.maven.surefire.booter.SurefireStarter.runSuitesInProcessWhenForked(SurefireStarter.java:107) [surefire-booter-2.10.jar:2.10]
	at org.apache.maven.surefire.booter.ForkedBooter.main(ForkedBooter.java:68) [surefire-booter-2.10.jar:2.10]
Caused by: org.springframework.beans.factory.BeanCreationException: Error creating bean with name 'harvestService': Injection of autowired dependencies failed; nested exception is org.springframework.beans.factory.BeanCreationException: Could not autowire field: private no.nmdc.oaipmhharvester.service.OAIPMHService no.nmdc.oaipmhharvester.service.HarvestServiceImpl.oaipmhService; nested exception is org.springframework.beans.factory.BeanCreationException: Error creating bean with name 'oaiPMHservice' defined in no.nmdc.oaipmhharvester.service.HarvestServiceImplTest$ContextConfiguration: Bean instantiation via factory method failed; nested exception is org.springframework.beans.BeanInstantiationException: Failed to instantiate [no.nmdc.oaipmhharvester.service.OAIPMHService]: Factory method 'oaiPMHservice' threw exception; nested exception is java.lang.AssertionError
	at org.springframework.beans.factory.annotation.AutowiredAnnotationBeanPostProcessor.postProcessPropertyValues(AutowiredAnnotationBeanPostProcessor.java:334) ~[spring-beans-4.1.5.RELEASE.jar:4.1.5.RELEASE]
	at org.springframework.beans.factory.support.AbstractAutowireCapableBeanFactory.populateBean(AbstractAutowireCapableBeanFactory.java:1202) ~[spring-beans-4.1.5.RELEASE.jar:4.1.5.RELEASE]
	at org.springframework.beans.factory.support.AbstractAutowireCapableBeanFactory.doCreateBean(AbstractAutowireCapableBeanFactory.java:537) ~[spring-beans-4.1.5.RELEASE.jar:4.1.5.RELEASE]
	at org.springframework.beans.factory.support.AbstractAutowireCapableBeanFactory.createBean(AbstractAutowireCapableBeanFactory.java:476) ~[spring-beans-4.1.5.RELEASE.jar:4.1.5.RELEASE]
	at org.springframework.beans.factory.support.AbstractBeanFactory$1.getObject(AbstractBeanFactory.java:303) ~[spring-beans-4.1.5.RELEASE.jar:4.1.5.RELEASE]
	at org.springframework.beans.factory.support.DefaultSingletonBeanRegistry.getSingleton(DefaultSingletonBeanRegistry.java:230) ~[spring-beans-4.1.5.RELEASE.jar:4.1.5.RELEASE]
	at org.springframework.beans.factory.support.AbstractBeanFactory.doGetBean(AbstractBeanFactory.java:299) ~[spring-beans-4.1.5.RELEASE.jar:4.1.5.RELEASE]
	at org.springframework.beans.factory.support.AbstractBeanFactory.getBean(AbstractBeanFactory.java:194) ~[spring-beans-4.1.5.RELEASE.jar:4.1.5.RELEASE]
	at org.springframework.beans.factory.support.DefaultListableBeanFactory.preInstantiateSingletons(DefaultListableBeanFactory.java:755) ~[spring-beans-4.1.5.RELEASE.jar:4.1.5.RELEASE]
	at org.springframework.context.support.AbstractApplicationContext.finishBeanFactoryInitialization(AbstractApplicationContext.java:757) ~[spring-context-4.1.5.RELEASE.jar:4.1.5.RELEASE]
	at org.springframework.context.support.AbstractApplicationContext.refresh(AbstractApplicationContext.java:480) ~[spring-context-4.1.5.RELEASE.jar:4.1.5.RELEASE]
	at org.springframework.test.context.support.AbstractGenericContextLoader.loadContext(AbstractGenericContextLoader.java:125) ~[spring-test-4.1.5.RELEASE.jar:4.1.5.RELEASE]
	at org.springframework.test.context.support.AbstractGenericContextLoader.loadContext(AbstractGenericContextLoader.java:60) ~[spring-test-4.1.5.RELEASE.jar:4.1.5.RELEASE]
	at org.springframework.test.context.DefaultCacheAwareContextLoaderDelegate.loadContextInternal(DefaultCacheAwareContextLoaderDelegate.java:68) ~[spring-test-4.1.5.RELEASE.jar:4.1.5.RELEASE]
	at org.springframework.test.context.DefaultCacheAwareContextLoaderDelegate.loadContext(DefaultCacheAwareContextLoaderDelegate.java:86) ~[spring-test-4.1.5.RELEASE.jar:4.1.5.RELEASE]
	... 31 common frames omitted
Caused by: org.springframework.beans.factory.BeanCreationException: Could not autowire field: private no.nmdc.oaipmhharvester.service.OAIPMHService no.nmdc.oaipmhharvester.service.HarvestServiceImpl.oaipmhService; nested exception is org.springframework.beans.factory.BeanCreationException: Error creating bean with name 'oaiPMHservice' defined in no.nmdc.oaipmhharvester.service.HarvestServiceImplTest$ContextConfiguration: Bean instantiation via factory method failed; nested exception is org.springframework.beans.BeanInstantiationException: Failed to instantiate [no.nmdc.oaipmhharvester.service.OAIPMHService]: Factory method 'oaiPMHservice' threw exception; nested exception is java.lang.AssertionError
	at org.springframework.beans.factory.annotation.AutowiredAnnotationBeanPostProcessor$AutowiredFieldElement.inject(AutowiredAnnotationBeanPostProcessor.java:561) ~[spring-beans-4.1.5.RELEASE.jar:4.1.5.RELEASE]
	at org.springframework.beans.factory.annotation.InjectionMetadata.inject(InjectionMetadata.java:88) ~[spring-beans-4.1.5.RELEASE.jar:4.1.5.RELEASE]
	at org.springframework.beans.factory.annotation.AutowiredAnnotationBeanPostProcessor.postProcessPropertyValues(AutowiredAnnotationBeanPostProcessor.java:331) ~[spring-beans-4.1.5.RELEASE.jar:4.1.5.RELEASE]
	... 45 common frames omitted
Caused by: org.springframework.beans.factory.BeanCreationException: Error creating bean with name 'oaiPMHservice' defined in no.nmdc.oaipmhharvester.service.HarvestServiceImplTest$ContextConfiguration: Bean instantiation via factory method failed; nested exception is org.springframework.beans.BeanInstantiationException: Failed to instantiate [no.nmdc.oaipmhharvester.service.OAIPMHService]: Factory method 'oaiPMHservice' threw exception; nested exception is java.lang.AssertionError
	at org.springframework.beans.factory.support.ConstructorResolver.instantiateUsingFactoryMethod(ConstructorResolver.java:599) ~[spring-beans-4.1.5.RELEASE.jar:4.1.5.RELEASE]
	at org.springframework.beans.factory.support.AbstractAutowireCapableBeanFactory.instantiateUsingFactoryMethod(AbstractAutowireCapableBeanFactory.java:1111) ~[spring-beans-4.1.5.RELEASE.jar:4.1.5.RELEASE]
	at org.springframework.beans.factory.support.AbstractAutowireCapableBeanFactory.createBeanInstance(AbstractAutowireCapableBeanFactory.java:1006) ~[spring-beans-4.1.5.RELEASE.jar:4.1.5.RELEASE]
	at org.springframework.beans.factory.support.AbstractAutowireCapableBeanFactory.doCreateBean(AbstractAutowireCapableBeanFactory.java:504) ~[spring-beans-4.1.5.RELEASE.jar:4.1.5.RELEASE]
	at org.springframework.beans.factory.support.AbstractAutowireCapableBeanFactory.createBean(AbstractAutowireCapableBeanFactory.java:476) ~[spring-beans-4.1.5.RELEASE.jar:4.1.5.RELEASE]
	at org.springframework.beans.factory.support.AbstractBeanFactory$1.getObject(AbstractBeanFactory.java:303) ~[spring-beans-4.1.5.RELEASE.jar:4.1.5.RELEASE]
	at org.springframework.beans.factory.support.DefaultSingletonBeanRegistry.getSingleton(DefaultSingletonBeanRegistry.java:230) ~[spring-beans-4.1.5.RELEASE.jar:4.1.5.RELEASE]
	at org.springframework.beans.factory.support.AbstractBeanFactory.doGetBean(AbstractBeanFactory.java:299) ~[spring-beans-4.1.5.RELEASE.jar:4.1.5.RELEASE]
	at org.springframework.beans.factory.support.AbstractBeanFactory.getBean(AbstractBeanFactory.java:194) ~[spring-beans-4.1.5.RELEASE.jar:4.1.5.RELEASE]
	at org.springframework.beans.factory.support.DefaultListableBeanFactory.findAutowireCandidates(DefaultListableBeanFactory.java:1120) ~[spring-beans-4.1.5.RELEASE.jar:4.1.5.RELEASE]
	at org.springframework.beans.factory.support.DefaultListableBeanFactory.doResolveDependency(DefaultListableBeanFactory.java:1044) ~[spring-beans-4.1.5.RELEASE.jar:4.1.5.RELEASE]
	at org.springframework.beans.factory.support.DefaultListableBeanFactory.resolveDependency(DefaultListableBeanFactory.java:942) ~[spring-beans-4.1.5.RELEASE.jar:4.1.5.RELEASE]
	at org.springframework.beans.factory.annotation.AutowiredAnnotationBeanPostProcessor$AutowiredFieldElement.inject(AutowiredAnnotationBeanPostProcessor.java:533) ~[spring-beans-4.1.5.RELEASE.jar:4.1.5.RELEASE]
	... 47 common frames omitted
Caused by: org.springframework.beans.BeanInstantiationException: Failed to instantiate [no.nmdc.oaipmhharvester.service.OAIPMHService]: Factory method 'oaiPMHservice' threw exception; nested exception is java.lang.AssertionError
	at org.springframework.beans.factory.support.SimpleInstantiationStrategy.instantiate(SimpleInstantiationStrategy.java:189) ~[spring-beans-4.1.5.RELEASE.jar:4.1.5.RELEASE]
	at org.springframework.beans.factory.support.ConstructorResolver.instantiateUsingFactoryMethod(ConstructorResolver.java:588) ~[spring-beans-4.1.5.RELEASE.jar:4.1.5.RELEASE]
	... 59 common frames omitted
Caused by: java.lang.AssertionError: null
	at org.apache.xmlbeans.impl.values.XmlObjectBase.get_store(XmlObjectBase.java:860) ~[xmlbeans-2.6.0.jar:na]
	at org.openarchives.oai.x20.impl.RecordTypeImpl.setHeader(Unknown Source) ~[oai-9.7.1.jar:na]
	at no.nmdc.oaipmhharvester.service.HarvestServiceImplTest$ContextConfiguration.oaiPMHservice(HarvestServiceImplTest.java:74) ~[test-classes/:na]
	at no.nmdc.oaipmhharvester.service.HarvestServiceImplTest$ContextConfiguration$$EnhancerBySpringCGLIB$$b2665022.CGLIB$oaiPMHservice$2(<generated>) ~[spring-core-4.1.5.RELEASE.jar:na]
	at no.nmdc.oaipmhharvester.service.HarvestServiceImplTest$ContextConfiguration$$EnhancerBySpringCGLIB$$b2665022$$FastClassBySpringCGLIB$$11ef285f.invoke(<generated>) ~[spring-core-4.1.5.RELEASE.jar:na]
	at org.springframework.cglib.proxy.MethodProxy.invokeSuper(MethodProxy.java:228) ~[spring-core-4.1.5.RELEASE.jar:4.1.5.RELEASE]
	at org.springframework.context.annotation.ConfigurationClassEnhancer$BeanMethodInterceptor.intercept(ConfigurationClassEnhancer.java:309) ~[spring-context-4.1.5.RELEASE.jar:4.1.5.RELEASE]
	at no.nmdc.oaipmhharvester.service.HarvestServiceImplTest$ContextConfiguration$$EnhancerBySpringCGLIB$$b2665022.oaiPMHservice(<generated>) ~[spring-core-4.1.5.RELEASE.jar:na]
	at sun.reflect.NativeMethodAccessorImpl.invoke0(Native Method) ~[na:1.7.0_75]
	at sun.reflect.NativeMethodAccessorImpl.invoke(NativeMethodAccessorImpl.java:57) ~[na:1.7.0_75]
	at sun.reflect.DelegatingMethodAccessorImpl.invoke(DelegatingMethodAccessorImpl.java:43) ~[na:1.7.0_75]
	at java.lang.reflect.Method.invoke(Method.java:606) ~[na:1.7.0_75]
	at org.springframework.beans.factory.support.SimpleInstantiationStrategy.instantiate(SimpleInstantiationStrategy.java:162) ~[spring-beans-4.1.5.RELEASE.jar:4.1.5.RELEASE]
	... 60 common frames omitted
15:08:02.041 [main] ERROR o.s.test.context.TestContextManager - Caught exception while allowing TestExecutionListener [org.springframework.test.context.support.DependencyInjectionTestExecutionListener@570a25e] to prepare test instance [no.nmdc.oaipmhharvester.service.HarvestServiceImplTest@1e630208]
java.lang.IllegalStateException: Failed to load ApplicationContext
	at org.springframework.test.context.DefaultCacheAwareContextLoaderDelegate.loadContext(DefaultCacheAwareContextLoaderDelegate.java:94) ~[spring-test-4.1.5.RELEASE.jar:4.1.5.RELEASE]
	at org.springframework.test.context.DefaultTestContext.getApplicationContext(DefaultTestContext.java:72) ~[spring-test-4.1.5.RELEASE.jar:4.1.5.RELEASE]
	at org.springframework.test.context.support.DependencyInjectionTestExecutionListener.injectDependencies(DependencyInjectionTestExecutionListener.java:117) ~[spring-test-4.1.5.RELEASE.jar:4.1.5.RELEASE]
	at org.springframework.test.context.support.DependencyInjectionTestExecutionListener.prepareTestInstance(DependencyInjectionTestExecutionListener.java:83) ~[spring-test-4.1.5.RELEASE.jar:4.1.5.RELEASE]
	at org.springframework.test.context.TestContextManager.prepareTestInstance(TestContextManager.java:212) ~[spring-test-4.1.5.RELEASE.jar:4.1.5.RELEASE]
	at org.springframework.test.context.junit4.SpringJUnit4ClassRunner.createTest(SpringJUnit4ClassRunner.java:200) [spring-test-4.1.5.RELEASE.jar:4.1.5.RELEASE]
	at org.springframework.test.context.junit4.SpringJUnit4ClassRunner$1.runReflectiveCall(SpringJUnit4ClassRunner.java:259) [spring-test-4.1.5.RELEASE.jar:4.1.5.RELEASE]
	at org.junit.internal.runners.model.ReflectiveCallable.run(ReflectiveCallable.java:12) [junit-4.12.jar:4.12]
	at org.springframework.test.context.junit4.SpringJUnit4ClassRunner.methodBlock(SpringJUnit4ClassRunner.java:261) [spring-test-4.1.5.RELEASE.jar:4.1.5.RELEASE]
	at org.springframework.test.context.junit4.SpringJUnit4ClassRunner.runChild(SpringJUnit4ClassRunner.java:219) [spring-test-4.1.5.RELEASE.jar:4.1.5.RELEASE]
	at org.springframework.test.context.junit4.SpringJUnit4ClassRunner.runChild(SpringJUnit4ClassRunner.java:83) [spring-test-4.1.5.RELEASE.jar:4.1.5.RELEASE]
	at org.junit.runners.ParentRunner$3.run(ParentRunner.java:290) [junit-4.12.jar:4.12]
	at org.junit.runners.ParentRunner$1.schedule(ParentRunner.java:71) [junit-4.12.jar:4.12]
	at org.junit.runners.ParentRunner.runChildren(ParentRunner.java:288) [junit-4.12.jar:4.12]
	at org.junit.runners.ParentRunner.access$000(ParentRunner.java:58) [junit-4.12.jar:4.12]
	at org.junit.runners.ParentRunner$2.evaluate(ParentRunner.java:268) [junit-4.12.jar:4.12]
	at org.springframework.test.context.junit4.statements.RunBeforeTestClassCallbacks.evaluate(RunBeforeTestClassCallbacks.java:61) [spring-test-4.1.5.RELEASE.jar:4.1.5.RELEASE]
	at org.springframework.test.context.junit4.statements.RunAfterTestClassCallbacks.evaluate(RunAfterTestClassCallbacks.java:68) [spring-test-4.1.5.RELEASE.jar:4.1.5.RELEASE]
	at org.junit.runners.ParentRunner.run(ParentRunner.java:363) [junit-4.12.jar:4.12]
	at org.springframework.test.context.junit4.SpringJUnit4ClassRunner.run(SpringJUnit4ClassRunner.java:163) [spring-test-4.1.5.RELEASE.jar:4.1.5.RELEASE]
	at org.apache.maven.surefire.junit4.JUnit4TestSet.execute(JUnit4TestSet.java:53) [surefire-junit4-2.10.jar:2.10]
	at org.apache.maven.surefire.junit4.JUnit4Provider.executeTestSet(JUnit4Provider.java:123) [surefire-junit4-2.10.jar:2.10]
	at org.apache.maven.surefire.junit4.JUnit4Provider.invoke(JUnit4Provider.java:104) [surefire-junit4-2.10.jar:2.10]
	at sun.reflect.NativeMethodAccessorImpl.invoke0(Native Method) ~[na:1.7.0_75]
	at sun.reflect.NativeMethodAccessorImpl.invoke(NativeMethodAccessorImpl.java:57) ~[na:1.7.0_75]
	at sun.reflect.DelegatingMethodAccessorImpl.invoke(DelegatingMethodAccessorImpl.java:43) ~[na:1.7.0_75]
	at java.lang.reflect.Method.invoke(Method.java:606) ~[na:1.7.0_75]
	at org.apache.maven.surefire.util.ReflectionUtils.invokeMethodWithArray(ReflectionUtils.java:164) [surefire-api-2.10.jar:2.10]
	at org.apache.maven.surefire.booter.ProviderFactory$ProviderProxy.invoke(ProviderFactory.java:110) [surefire-booter-2.10.jar:2.10]
	at org.apache.maven.surefire.booter.SurefireStarter.invokeProvider(SurefireStarter.java:175) [surefire-booter-2.10.jar:2.10]
	at org.apache.maven.surefire.booter.SurefireStarter.runSuitesInProcessWhenForked(SurefireStarter.java:107) [surefire-booter-2.10.jar:2.10]
	at org.apache.maven.surefire.booter.ForkedBooter.main(ForkedBooter.java:68) [surefire-booter-2.10.jar:2.10]
Caused by: org.springframework.beans.factory.BeanCreationException: Error creating bean with name 'harvestService': Injection of autowired dependencies failed; nested exception is org.springframework.beans.factory.BeanCreationException: Could not autowire field: private no.nmdc.oaipmhharvester.service.OAIPMHService no.nmdc.oaipmhharvester.service.HarvestServiceImpl.oaipmhService; nested exception is org.springframework.beans.factory.BeanCreationException: Error creating bean with name 'oaiPMHservice' defined in no.nmdc.oaipmhharvester.service.HarvestServiceImplTest$ContextConfiguration: Bean instantiation via factory method failed; nested exception is org.springframework.beans.BeanInstantiationException: Failed to instantiate [no.nmdc.oaipmhharvester.service.OAIPMHService]: Factory method 'oaiPMHservice' threw exception; nested exception is java.lang.AssertionError
	at org.springframework.beans.factory.annotation.AutowiredAnnotationBeanPostProcessor.postProcessPropertyValues(AutowiredAnnotationBeanPostProcessor.java:334) ~[spring-beans-4.1.5.RELEASE.jar:4.1.5.RELEASE]
	at org.springframework.beans.factory.support.AbstractAutowireCapableBeanFactory.populateBean(AbstractAutowireCapableBeanFactory.java:1202) ~[spring-beans-4.1.5.RELEASE.jar:4.1.5.RELEASE]
	at org.springframework.beans.factory.support.AbstractAutowireCapableBeanFactory.doCreateBean(AbstractAutowireCapableBeanFactory.java:537) ~[spring-beans-4.1.5.RELEASE.jar:4.1.5.RELEASE]
	at org.springframework.beans.factory.support.AbstractAutowireCapableBeanFactory.createBean(AbstractAutowireCapableBeanFactory.java:476) ~[spring-beans-4.1.5.RELEASE.jar:4.1.5.RELEASE]
	at org.springframework.beans.factory.support.AbstractBeanFactory$1.getObject(AbstractBeanFactory.java:303) ~[spring-beans-4.1.5.RELEASE.jar:4.1.5.RELEASE]
	at org.springframework.beans.factory.support.DefaultSingletonBeanRegistry.getSingleton(DefaultSingletonBeanRegistry.java:230) ~[spring-beans-4.1.5.RELEASE.jar:4.1.5.RELEASE]
	at org.springframework.beans.factory.support.AbstractBeanFactory.doGetBean(AbstractBeanFactory.java:299) ~[spring-beans-4.1.5.RELEASE.jar:4.1.5.RELEASE]
	at org.springframework.beans.factory.support.AbstractBeanFactory.getBean(AbstractBeanFactory.java:194) ~[spring-beans-4.1.5.RELEASE.jar:4.1.5.RELEASE]
	at org.springframework.beans.factory.support.DefaultListableBeanFactory.preInstantiateSingletons(DefaultListableBeanFactory.java:755) ~[spring-beans-4.1.5.RELEASE.jar:4.1.5.RELEASE]
	at org.springframework.context.support.AbstractApplicationContext.finishBeanFactoryInitialization(AbstractApplicationContext.java:757) ~[spring-context-4.1.5.RELEASE.jar:4.1.5.RELEASE]
	at org.springframework.context.support.AbstractApplicationContext.refresh(AbstractApplicationContext.java:480) ~[spring-context-4.1.5.RELEASE.jar:4.1.5.RELEASE]
	at org.springframework.test.context.support.AbstractGenericContextLoader.loadContext(AbstractGenericContextLoader.java:125) ~[spring-test-4.1.5.RELEASE.jar:4.1.5.RELEASE]
	at org.springframework.test.context.support.AbstractGenericContextLoader.loadContext(AbstractGenericContextLoader.java:60) ~[spring-test-4.1.5.RELEASE.jar:4.1.5.RELEASE]
	at org.springframework.test.context.DefaultCacheAwareContextLoaderDelegate.loadContextInternal(DefaultCacheAwareContextLoaderDelegate.java:68) ~[spring-test-4.1.5.RELEASE.jar:4.1.5.RELEASE]
	at org.springframework.test.context.DefaultCacheAwareContextLoaderDelegate.loadContext(DefaultCacheAwareContextLoaderDelegate.java:86) ~[spring-test-4.1.5.RELEASE.jar:4.1.5.RELEASE]
	... 31 common frames omitted
Caused by: org.springframework.beans.factory.BeanCreationException: Could not autowire field: private no.nmdc.oaipmhharvester.service.OAIPMHService no.nmdc.oaipmhharvester.service.HarvestServiceImpl.oaipmhService; nested exception is org.springframework.beans.factory.BeanCreationException: Error creating bean with name 'oaiPMHservice' defined in no.nmdc.oaipmhharvester.service.HarvestServiceImplTest$ContextConfiguration: Bean instantiation via factory method failed; nested exception is org.springframework.beans.BeanInstantiationException: Failed to instantiate [no.nmdc.oaipmhharvester.service.OAIPMHService]: Factory method 'oaiPMHservice' threw exception; nested exception is java.lang.AssertionError
	at org.springframework.beans.factory.annotation.AutowiredAnnotationBeanPostProcessor$AutowiredFieldElement.inject(AutowiredAnnotationBeanPostProcessor.java:561) ~[spring-beans-4.1.5.RELEASE.jar:4.1.5.RELEASE]
	at org.springframework.beans.factory.annotation.InjectionMetadata.inject(InjectionMetadata.java:88) ~[spring-beans-4.1.5.RELEASE.jar:4.1.5.RELEASE]
	at org.springframework.beans.factory.annotation.AutowiredAnnotationBeanPostProcessor.postProcessPropertyValues(AutowiredAnnotationBeanPostProcessor.java:331) ~[spring-beans-4.1.5.RELEASE.jar:4.1.5.RELEASE]
	... 45 common frames omitted
Caused by: org.springframework.beans.factory.BeanCreationException: Error creating bean with name 'oaiPMHservice' defined in no.nmdc.oaipmhharvester.service.HarvestServiceImplTest$ContextConfiguration: Bean instantiation via factory method failed; nested exception is org.springframework.beans.BeanInstantiationException: Failed to instantiate [no.nmdc.oaipmhharvester.service.OAIPMHService]: Factory method 'oaiPMHservice' threw exception; nested exception is java.lang.AssertionError
	at org.springframework.beans.factory.support.ConstructorResolver.instantiateUsingFactoryMethod(ConstructorResolver.java:599) ~[spring-beans-4.1.5.RELEASE.jar:4.1.5.RELEASE]
	at org.springframework.beans.factory.support.AbstractAutowireCapableBeanFactory.instantiateUsingFactoryMethod(AbstractAutowireCapableBeanFactory.java:1111) ~[spring-beans-4.1.5.RELEASE.jar:4.1.5.RELEASE]
	at org.springframework.beans.factory.support.AbstractAutowireCapableBeanFactory.createBeanInstance(AbstractAutowireCapableBeanFactory.java:1006) ~[spring-beans-4.1.5.RELEASE.jar:4.1.5.RELEASE]
	at org.springframework.beans.factory.support.AbstractAutowireCapableBeanFactory.doCreateBean(AbstractAutowireCapableBeanFactory.java:504) ~[spring-beans-4.1.5.RELEASE.jar:4.1.5.RELEASE]
	at org.springframework.beans.factory.support.AbstractAutowireCapableBeanFactory.createBean(AbstractAutowireCapableBeanFactory.java:476) ~[spring-beans-4.1.5.RELEASE.jar:4.1.5.RELEASE]
	at org.springframework.beans.factory.support.AbstractBeanFactory$1.getObject(AbstractBeanFactory.java:303) ~[spring-beans-4.1.5.RELEASE.jar:4.1.5.RELEASE]
	at org.springframework.beans.factory.support.DefaultSingletonBeanRegistry.getSingleton(DefaultSingletonBeanRegistry.java:230) ~[spring-beans-4.1.5.RELEASE.jar:4.1.5.RELEASE]
	at org.springframework.beans.factory.support.AbstractBeanFactory.doGetBean(AbstractBeanFactory.java:299) ~[spring-beans-4.1.5.RELEASE.jar:4.1.5.RELEASE]
	at org.springframework.beans.factory.support.AbstractBeanFactory.getBean(AbstractBeanFactory.java:194) ~[spring-beans-4.1.5.RELEASE.jar:4.1.5.RELEASE]
	at org.springframework.beans.factory.support.DefaultListableBeanFactory.findAutowireCandidates(DefaultListableBeanFactory.java:1120) ~[spring-beans-4.1.5.RELEASE.jar:4.1.5.RELEASE]
	at org.springframework.beans.factory.support.DefaultListableBeanFactory.doResolveDependency(DefaultListableBeanFactory.java:1044) ~[spring-beans-4.1.5.RELEASE.jar:4.1.5.RELEASE]
	at org.springframework.beans.factory.support.DefaultListableBeanFactory.resolveDependency(DefaultListableBeanFactory.java:942) ~[spring-beans-4.1.5.RELEASE.jar:4.1.5.RELEASE]
	at org.springframework.beans.factory.annotation.AutowiredAnnotationBeanPostProcessor$AutowiredFieldElement.inject(AutowiredAnnotationBeanPostProcessor.java:533) ~[spring-beans-4.1.5.RELEASE.jar:4.1.5.RELEASE]
	... 47 common frames omitted
Caused by: org.springframework.beans.BeanInstantiationException: Failed to instantiate [no.nmdc.oaipmhharvester.service.OAIPMHService]: Factory method 'oaiPMHservice' threw exception; nested exception is java.lang.AssertionError
	at org.springframework.beans.factory.support.SimpleInstantiationStrategy.instantiate(SimpleInstantiationStrategy.java:189) ~[spring-beans-4.1.5.RELEASE.jar:4.1.5.RELEASE]
	at org.springframework.beans.factory.support.ConstructorResolver.instantiateUsingFactoryMethod(ConstructorResolver.java:588) ~[spring-beans-4.1.5.RELEASE.jar:4.1.5.RELEASE]
	... 59 common frames omitted
Caused by: java.lang.AssertionError: null
	at org.apache.xmlbeans.impl.values.XmlObjectBase.get_store(XmlObjectBase.java:860) ~[xmlbeans-2.6.0.jar:na]
	at org.openarchives.oai.x20.impl.RecordTypeImpl.addNewHeader(Unknown Source) ~[oai-9.7.1.jar:na]
	at no.nmdc.oaipmhharvester.service.HarvestServiceImplTest$ContextConfiguration.oaiPMHservice(HarvestServiceImplTest.java:72) ~[test-classes/:na]
	at no.nmdc.oaipmhharvester.service.HarvestServiceImplTest$ContextConfiguration$$EnhancerBySpringCGLIB$$b2665022.CGLIB$oaiPMHservice$2(<generated>) ~[spring-core-4.1.5.RELEASE.jar:na]
	at no.nmdc.oaipmhharvester.service.HarvestServiceImplTest$ContextConfiguration$$EnhancerBySpringCGLIB$$b2665022$$FastClassBySpringCGLIB$$11ef285f.invoke(<generated>) ~[spring-core-4.1.5.RELEASE.jar:na]
	at org.springframework.cglib.proxy.MethodProxy.invokeSuper(MethodProxy.java:228) ~[spring-core-4.1.5.RELEASE.jar:4.1.5.RELEASE]
	at org.springframework.context.annotation.ConfigurationClassEnhancer$BeanMethodInterceptor.intercept(ConfigurationClassEnhancer.java:309) ~[spring-context-4.1.5.RELEASE.jar:4.1.5.RELEASE]
	at no.nmdc.oaipmhharvester.service.HarvestServiceImplTest$ContextConfiguration$$EnhancerBySpringCGLIB$$b2665022.oaiPMHservice(<generated>) ~[spring-core-4.1.5.RELEASE.jar:na]
	at sun.reflect.NativeMethodAccessorImpl.invoke0(Native Method) ~[na:1.7.0_75]
	at sun.reflect.NativeMethodAccessorImpl.invoke(NativeMethodAccessorImpl.java:57) ~[na:1.7.0_75]
	at sun.reflect.DelegatingMethodAccessorImpl.invoke(DelegatingMethodAccessorImpl.java:43) ~[na:1.7.0_75]
	at java.lang.reflect.Method.invoke(Method.java:606) ~[na:1.7.0_75]
	at org.springframework.beans.factory.support.SimpleInstantiationStrategy.instantiate(SimpleInstantiationStrategy.java:162) ~[spring-beans-4.1.5.RELEASE.jar:4.1.5.RELEASE]
	... 60 common frames omitted
15:10:26.253 [main] ERROR n.n.o.service.HarvestServiceImpl - Exception thrown while harvesting from: test
Using format: test.format
java.io.FileNotFoundException: /tmptestFile.xml (Permission denied)
	at java.io.FileOutputStream.open(Native Method) ~[na:1.7.0_75]
	at java.io.FileOutputStream.<init>(FileOutputStream.java:221) ~[na:1.7.0_75]
	at java.io.FileOutputStream.<init>(FileOutputStream.java:171) ~[na:1.7.0_75]
	at org.apache.xmlbeans.impl.store.Cursor._save(Cursor.java:566) ~[xmlbeans-2.6.0.jar:na]
	at org.apache.xmlbeans.impl.store.Cursor.save(Cursor.java:2526) ~[xmlbeans-2.6.0.jar:na]
	at org.apache.xmlbeans.impl.values.XmlObjectBase.save(XmlObjectBase.java:220) ~[xmlbeans-2.6.0.jar:na]
	at org.apache.xmlbeans.impl.values.XmlObjectBase.save(XmlObjectBase.java:232) ~[xmlbeans-2.6.0.jar:na]
	at no.nmdc.oaipmhharvester.service.HarvestServiceImpl.parseAndWriteMetadata(HarvestServiceImpl.java:65) ~[classes/:na]
	at no.nmdc.oaipmhharvester.service.HarvestServiceImpl.harvest(HarvestServiceImpl.java:47) ~[classes/:na]
	at no.nmdc.oaipmhharvester.service.HarvestServiceImplTest.testHarvest(HarvestServiceImplTest.java:115) [test-classes/:na]
	at sun.reflect.NativeMethodAccessorImpl.invoke0(Native Method) ~[na:1.7.0_75]
	at sun.reflect.NativeMethodAccessorImpl.invoke(NativeMethodAccessorImpl.java:57) ~[na:1.7.0_75]
	at sun.reflect.DelegatingMethodAccessorImpl.invoke(DelegatingMethodAccessorImpl.java:43) ~[na:1.7.0_75]
	at java.lang.reflect.Method.invoke(Method.java:606) ~[na:1.7.0_75]
	at org.junit.runners.model.FrameworkMethod$1.runReflectiveCall(FrameworkMethod.java:50) [junit-4.12.jar:4.12]
	at org.junit.internal.runners.model.ReflectiveCallable.run(ReflectiveCallable.java:12) [junit-4.12.jar:4.12]
	at org.junit.runners.model.FrameworkMethod.invokeExplosively(FrameworkMethod.java:47) [junit-4.12.jar:4.12]
	at org.junit.internal.runners.statements.InvokeMethod.evaluate(InvokeMethod.java:17) [junit-4.12.jar:4.12]
	at org.junit.internal.runners.statements.RunBefores.evaluate(RunBefores.java:26) [junit-4.12.jar:4.12]
	at org.springframework.test.context.junit4.statements.RunBeforeTestMethodCallbacks.evaluate(RunBeforeTestMethodCallbacks.java:73) [spring-test-4.1.5.RELEASE.jar:4.1.5.RELEASE]
	at org.junit.internal.runners.statements.RunAfters.evaluate(RunAfters.java:27) [junit-4.12.jar:4.12]
	at org.springframework.test.context.junit4.statements.RunAfterTestMethodCallbacks.evaluate(RunAfterTestMethodCallbacks.java:82) [spring-test-4.1.5.RELEASE.jar:4.1.5.RELEASE]
	at org.springframework.test.context.junit4.statements.SpringRepeat.evaluate(SpringRepeat.java:73) [spring-test-4.1.5.RELEASE.jar:4.1.5.RELEASE]
	at org.junit.runners.ParentRunner.runLeaf(ParentRunner.java:325) [junit-4.12.jar:4.12]
	at org.springframework.test.context.junit4.SpringJUnit4ClassRunner.runChild(SpringJUnit4ClassRunner.java:224) [spring-test-4.1.5.RELEASE.jar:4.1.5.RELEASE]
	at org.springframework.test.context.junit4.SpringJUnit4ClassRunner.runChild(SpringJUnit4ClassRunner.java:83) [spring-test-4.1.5.RELEASE.jar:4.1.5.RELEASE]
	at org.junit.runners.ParentRunner$3.run(ParentRunner.java:290) [junit-4.12.jar:4.12]
	at org.junit.runners.ParentRunner$1.schedule(ParentRunner.java:71) [junit-4.12.jar:4.12]
	at org.junit.runners.ParentRunner.runChildren(ParentRunner.java:288) [junit-4.12.jar:4.12]
	at org.junit.runners.ParentRunner.access$000(ParentRunner.java:58) [junit-4.12.jar:4.12]
	at org.junit.runners.ParentRunner$2.evaluate(ParentRunner.java:268) [junit-4.12.jar:4.12]
	at org.springframework.test.context.junit4.statements.RunBeforeTestClassCallbacks.evaluate(RunBeforeTestClassCallbacks.java:61) [spring-test-4.1.5.RELEASE.jar:4.1.5.RELEASE]
	at org.springframework.test.context.junit4.statements.RunAfterTestClassCallbacks.evaluate(RunAfterTestClassCallbacks.java:68) [spring-test-4.1.5.RELEASE.jar:4.1.5.RELEASE]
	at org.junit.runners.ParentRunner.run(ParentRunner.java:363) [junit-4.12.jar:4.12]
	at org.springframework.test.context.junit4.SpringJUnit4ClassRunner.run(SpringJUnit4ClassRunner.java:163) [spring-test-4.1.5.RELEASE.jar:4.1.5.RELEASE]
	at org.apache.maven.surefire.junit4.JUnit4TestSet.execute(JUnit4TestSet.java:53) [surefire-junit4-2.10.jar:2.10]
	at org.apache.maven.surefire.junit4.JUnit4Provider.executeTestSet(JUnit4Provider.java:123) [surefire-junit4-2.10.jar:2.10]
	at org.apache.maven.surefire.junit4.JUnit4Provider.invoke(JUnit4Provider.java:104) [surefire-junit4-2.10.jar:2.10]
	at sun.reflect.NativeMethodAccessorImpl.invoke0(Native Method) ~[na:1.7.0_75]
	at sun.reflect.NativeMethodAccessorImpl.invoke(NativeMethodAccessorImpl.java:57) ~[na:1.7.0_75]
	at sun.reflect.DelegatingMethodAccessorImpl.invoke(DelegatingMethodAccessorImpl.java:43) ~[na:1.7.0_75]
	at java.lang.reflect.Method.invoke(Method.java:606) ~[na:1.7.0_75]
	at org.apache.maven.surefire.util.ReflectionUtils.invokeMethodWithArray(ReflectionUtils.java:164) [surefire-api-2.10.jar:2.10]
	at org.apache.maven.surefire.booter.ProviderFactory$ProviderProxy.invoke(ProviderFactory.java:110) [surefire-booter-2.10.jar:2.10]
	at org.apache.maven.surefire.booter.SurefireStarter.invokeProvider(SurefireStarter.java:175) [surefire-booter-2.10.jar:2.10]
	at org.apache.maven.surefire.booter.SurefireStarter.runSuitesInProcessWhenForked(SurefireStarter.java:107) [surefire-booter-2.10.jar:2.10]
	at org.apache.maven.surefire.booter.ForkedBooter.main(ForkedBooter.java:68) [surefire-booter-2.10.jar:2.10]
15:11:15.924 [main] ERROR n.n.o.service.HarvestServiceImpl - Exception thrown while harvesting from: test
Using format: test.format
java.io.FileNotFoundException: /tmptestFile.xml (Permission denied)
	at java.io.FileOutputStream.open(Native Method) ~[na:1.7.0_75]
	at java.io.FileOutputStream.<init>(FileOutputStream.java:221) ~[na:1.7.0_75]
	at java.io.FileOutputStream.<init>(FileOutputStream.java:171) ~[na:1.7.0_75]
	at org.apache.xmlbeans.impl.store.Cursor._save(Cursor.java:566) ~[xmlbeans-2.6.0.jar:na]
	at org.apache.xmlbeans.impl.store.Cursor.save(Cursor.java:2526) ~[xmlbeans-2.6.0.jar:na]
	at org.apache.xmlbeans.impl.values.XmlObjectBase.save(XmlObjectBase.java:220) ~[xmlbeans-2.6.0.jar:na]
	at org.apache.xmlbeans.impl.values.XmlObjectBase.save(XmlObjectBase.java:232) ~[xmlbeans-2.6.0.jar:na]
	at no.nmdc.oaipmhharvester.service.HarvestServiceImpl.parseAndWriteMetadata(HarvestServiceImpl.java:65) ~[classes/:na]
	at no.nmdc.oaipmhharvester.service.HarvestServiceImpl.harvest(HarvestServiceImpl.java:47) ~[classes/:na]
	at no.nmdc.oaipmhharvester.service.HarvestServiceImplTest.testHarvest(HarvestServiceImplTest.java:115) [test-classes/:na]
	at sun.reflect.NativeMethodAccessorImpl.invoke0(Native Method) ~[na:1.7.0_75]
	at sun.reflect.NativeMethodAccessorImpl.invoke(NativeMethodAccessorImpl.java:57) ~[na:1.7.0_75]
	at sun.reflect.DelegatingMethodAccessorImpl.invoke(DelegatingMethodAccessorImpl.java:43) ~[na:1.7.0_75]
	at java.lang.reflect.Method.invoke(Method.java:606) ~[na:1.7.0_75]
	at org.junit.runners.model.FrameworkMethod$1.runReflectiveCall(FrameworkMethod.java:50) [junit-4.12.jar:4.12]
	at org.junit.internal.runners.model.ReflectiveCallable.run(ReflectiveCallable.java:12) [junit-4.12.jar:4.12]
	at org.junit.runners.model.FrameworkMethod.invokeExplosively(FrameworkMethod.java:47) [junit-4.12.jar:4.12]
	at org.junit.internal.runners.statements.InvokeMethod.evaluate(InvokeMethod.java:17) [junit-4.12.jar:4.12]
	at org.junit.internal.runners.statements.RunBefores.evaluate(RunBefores.java:26) [junit-4.12.jar:4.12]
	at org.springframework.test.context.junit4.statements.RunBeforeTestMethodCallbacks.evaluate(RunBeforeTestMethodCallbacks.java:73) [spring-test-4.1.5.RELEASE.jar:4.1.5.RELEASE]
	at org.junit.internal.runners.statements.RunAfters.evaluate(RunAfters.java:27) [junit-4.12.jar:4.12]
	at org.springframework.test.context.junit4.statements.RunAfterTestMethodCallbacks.evaluate(RunAfterTestMethodCallbacks.java:82) [spring-test-4.1.5.RELEASE.jar:4.1.5.RELEASE]
	at org.springframework.test.context.junit4.statements.SpringRepeat.evaluate(SpringRepeat.java:73) [spring-test-4.1.5.RELEASE.jar:4.1.5.RELEASE]
	at org.junit.runners.ParentRunner.runLeaf(ParentRunner.java:325) [junit-4.12.jar:4.12]
	at org.springframework.test.context.junit4.SpringJUnit4ClassRunner.runChild(SpringJUnit4ClassRunner.java:224) [spring-test-4.1.5.RELEASE.jar:4.1.5.RELEASE]
	at org.springframework.test.context.junit4.SpringJUnit4ClassRunner.runChild(SpringJUnit4ClassRunner.java:83) [spring-test-4.1.5.RELEASE.jar:4.1.5.RELEASE]
	at org.junit.runners.ParentRunner$3.run(ParentRunner.java:290) [junit-4.12.jar:4.12]
	at org.junit.runners.ParentRunner$1.schedule(ParentRunner.java:71) [junit-4.12.jar:4.12]
	at org.junit.runners.ParentRunner.runChildren(ParentRunner.java:288) [junit-4.12.jar:4.12]
	at org.junit.runners.ParentRunner.access$000(ParentRunner.java:58) [junit-4.12.jar:4.12]
	at org.junit.runners.ParentRunner$2.evaluate(ParentRunner.java:268) [junit-4.12.jar:4.12]
	at org.springframework.test.context.junit4.statements.RunBeforeTestClassCallbacks.evaluate(RunBeforeTestClassCallbacks.java:61) [spring-test-4.1.5.RELEASE.jar:4.1.5.RELEASE]
	at org.springframework.test.context.junit4.statements.RunAfterTestClassCallbacks.evaluate(RunAfterTestClassCallbacks.java:68) [spring-test-4.1.5.RELEASE.jar:4.1.5.RELEASE]
	at org.junit.runners.ParentRunner.run(ParentRunner.java:363) [junit-4.12.jar:4.12]
	at org.springframework.test.context.junit4.SpringJUnit4ClassRunner.run(SpringJUnit4ClassRunner.java:163) [spring-test-4.1.5.RELEASE.jar:4.1.5.RELEASE]
	at org.apache.maven.surefire.junit4.JUnit4TestSet.execute(JUnit4TestSet.java:53) [surefire-junit4-2.10.jar:2.10]
	at org.apache.maven.surefire.junit4.JUnit4Provider.executeTestSet(JUnit4Provider.java:123) [surefire-junit4-2.10.jar:2.10]
	at org.apache.maven.surefire.junit4.JUnit4Provider.invoke(JUnit4Provider.java:104) [surefire-junit4-2.10.jar:2.10]
	at sun.reflect.NativeMethodAccessorImpl.invoke0(Native Method) ~[na:1.7.0_75]
	at sun.reflect.NativeMethodAccessorImpl.invoke(NativeMethodAccessorImpl.java:57) ~[na:1.7.0_75]
	at sun.reflect.DelegatingMethodAccessorImpl.invoke(DelegatingMethodAccessorImpl.java:43) ~[na:1.7.0_75]
	at java.lang.reflect.Method.invoke(Method.java:606) ~[na:1.7.0_75]
	at org.apache.maven.surefire.util.ReflectionUtils.invokeMethodWithArray(ReflectionUtils.java:164) [surefire-api-2.10.jar:2.10]
	at org.apache.maven.surefire.booter.ProviderFactory$ProviderProxy.invoke(ProviderFactory.java:110) [surefire-booter-2.10.jar:2.10]
	at org.apache.maven.surefire.booter.SurefireStarter.invokeProvider(SurefireStarter.java:175) [surefire-booter-2.10.jar:2.10]
	at org.apache.maven.surefire.booter.SurefireStarter.runSuitesInProcessWhenForked(SurefireStarter.java:107) [surefire-booter-2.10.jar:2.10]
	at org.apache.maven.surefire.booter.ForkedBooter.main(ForkedBooter.java:68) [surefire-booter-2.10.jar:2.10]
15:11:55.077 [main] ERROR n.n.o.service.HarvestServiceImpl - Exception thrown while harvesting from: test
Using format: test.format
java.io.FileNotFoundException: /tmptestFile.xml (Permission denied)
	at java.io.FileOutputStream.open(Native Method) ~[na:1.7.0_75]
	at java.io.FileOutputStream.<init>(FileOutputStream.java:221) ~[na:1.7.0_75]
	at java.io.FileOutputStream.<init>(FileOutputStream.java:171) ~[na:1.7.0_75]
	at org.apache.xmlbeans.impl.store.Cursor._save(Cursor.java:566) ~[xmlbeans-2.6.0.jar:na]
	at org.apache.xmlbeans.impl.store.Cursor.save(Cursor.java:2526) ~[xmlbeans-2.6.0.jar:na]
	at org.apache.xmlbeans.impl.values.XmlObjectBase.save(XmlObjectBase.java:220) ~[xmlbeans-2.6.0.jar:na]
	at org.apache.xmlbeans.impl.values.XmlObjectBase.save(XmlObjectBase.java:232) ~[xmlbeans-2.6.0.jar:na]
	at no.nmdc.oaipmhharvester.service.HarvestServiceImpl.parseAndWriteMetadata(HarvestServiceImpl.java:65) ~[classes/:na]
	at no.nmdc.oaipmhharvester.service.HarvestServiceImpl.harvest(HarvestServiceImpl.java:47) ~[classes/:na]
	at no.nmdc.oaipmhharvester.service.HarvestServiceImplTest.testHarvest(HarvestServiceImplTest.java:115) [test-classes/:na]
	at sun.reflect.NativeMethodAccessorImpl.invoke0(Native Method) ~[na:1.7.0_75]
	at sun.reflect.NativeMethodAccessorImpl.invoke(NativeMethodAccessorImpl.java:57) ~[na:1.7.0_75]
	at sun.reflect.DelegatingMethodAccessorImpl.invoke(DelegatingMethodAccessorImpl.java:43) ~[na:1.7.0_75]
	at java.lang.reflect.Method.invoke(Method.java:606) ~[na:1.7.0_75]
	at org.junit.runners.model.FrameworkMethod$1.runReflectiveCall(FrameworkMethod.java:50) [junit-4.12.jar:4.12]
	at org.junit.internal.runners.model.ReflectiveCallable.run(ReflectiveCallable.java:12) [junit-4.12.jar:4.12]
	at org.junit.runners.model.FrameworkMethod.invokeExplosively(FrameworkMethod.java:47) [junit-4.12.jar:4.12]
	at org.junit.internal.runners.statements.InvokeMethod.evaluate(InvokeMethod.java:17) [junit-4.12.jar:4.12]
	at org.junit.internal.runners.statements.RunBefores.evaluate(RunBefores.java:26) [junit-4.12.jar:4.12]
	at org.springframework.test.context.junit4.statements.RunBeforeTestMethodCallbacks.evaluate(RunBeforeTestMethodCallbacks.java:73) [spring-test-4.1.5.RELEASE.jar:4.1.5.RELEASE]
	at org.junit.internal.runners.statements.RunAfters.evaluate(RunAfters.java:27) [junit-4.12.jar:4.12]
	at org.springframework.test.context.junit4.statements.RunAfterTestMethodCallbacks.evaluate(RunAfterTestMethodCallbacks.java:82) [spring-test-4.1.5.RELEASE.jar:4.1.5.RELEASE]
	at org.springframework.test.context.junit4.statements.SpringRepeat.evaluate(SpringRepeat.java:73) [spring-test-4.1.5.RELEASE.jar:4.1.5.RELEASE]
	at org.junit.runners.ParentRunner.runLeaf(ParentRunner.java:325) [junit-4.12.jar:4.12]
	at org.springframework.test.context.junit4.SpringJUnit4ClassRunner.runChild(SpringJUnit4ClassRunner.java:224) [spring-test-4.1.5.RELEASE.jar:4.1.5.RELEASE]
	at org.springframework.test.context.junit4.SpringJUnit4ClassRunner.runChild(SpringJUnit4ClassRunner.java:83) [spring-test-4.1.5.RELEASE.jar:4.1.5.RELEASE]
	at org.junit.runners.ParentRunner$3.run(ParentRunner.java:290) [junit-4.12.jar:4.12]
	at org.junit.runners.ParentRunner$1.schedule(ParentRunner.java:71) [junit-4.12.jar:4.12]
	at org.junit.runners.ParentRunner.runChildren(ParentRunner.java:288) [junit-4.12.jar:4.12]
	at org.junit.runners.ParentRunner.access$000(ParentRunner.java:58) [junit-4.12.jar:4.12]
	at org.junit.runners.ParentRunner$2.evaluate(ParentRunner.java:268) [junit-4.12.jar:4.12]
	at org.springframework.test.context.junit4.statements.RunBeforeTestClassCallbacks.evaluate(RunBeforeTestClassCallbacks.java:61) [spring-test-4.1.5.RELEASE.jar:4.1.5.RELEASE]
	at org.springframework.test.context.junit4.statements.RunAfterTestClassCallbacks.evaluate(RunAfterTestClassCallbacks.java:68) [spring-test-4.1.5.RELEASE.jar:4.1.5.RELEASE]
	at org.junit.runners.ParentRunner.run(ParentRunner.java:363) [junit-4.12.jar:4.12]
	at org.springframework.test.context.junit4.SpringJUnit4ClassRunner.run(SpringJUnit4ClassRunner.java:163) [spring-test-4.1.5.RELEASE.jar:4.1.5.RELEASE]
	at org.apache.maven.surefire.junit4.JUnit4TestSet.execute(JUnit4TestSet.java:53) [surefire-junit4-2.10.jar:2.10]
	at org.apache.maven.surefire.junit4.JUnit4Provider.executeTestSet(JUnit4Provider.java:123) [surefire-junit4-2.10.jar:2.10]
	at org.apache.maven.surefire.junit4.JUnit4Provider.invoke(JUnit4Provider.java:104) [surefire-junit4-2.10.jar:2.10]
	at sun.reflect.NativeMethodAccessorImpl.invoke0(Native Method) ~[na:1.7.0_75]
	at sun.reflect.NativeMethodAccessorImpl.invoke(NativeMethodAccessorImpl.java:57) ~[na:1.7.0_75]
	at sun.reflect.DelegatingMethodAccessorImpl.invoke(DelegatingMethodAccessorImpl.java:43) ~[na:1.7.0_75]
	at java.lang.reflect.Method.invoke(Method.java:606) ~[na:1.7.0_75]
	at org.apache.maven.surefire.util.ReflectionUtils.invokeMethodWithArray(ReflectionUtils.java:164) [surefire-api-2.10.jar:2.10]
	at org.apache.maven.surefire.booter.ProviderFactory$ProviderProxy.invoke(ProviderFactory.java:110) [surefire-booter-2.10.jar:2.10]
	at org.apache.maven.surefire.booter.SurefireStarter.invokeProvider(SurefireStarter.java:175) [surefire-booter-2.10.jar:2.10]
	at org.apache.maven.surefire.booter.SurefireStarter.runSuitesInProcessWhenForked(SurefireStarter.java:107) [surefire-booter-2.10.jar:2.10]
	at org.apache.maven.surefire.booter.ForkedBooter.main(ForkedBooter.java:68) [surefire-booter-2.10.jar:2.10]
