16:34:57.592 [main] DEBUG o.s.t.c.j.SpringJUnit4ClassRunner - SpringJUnit4ClassRunner constructor called with [class no.nmdc.oaipmhharvester.service.HarvestServiceImplTest].
16:34:57.612 [main] DEBUG o.s.test.context.BootstrapUtils - Instantiating TestContextBootstrapper from class [org.springframework.test.context.support.DefaultTestContextBootstrapper]
16:34:57.622 [main] TRACE o.s.t.c.support.ContextLoaderUtils - Retrieved @ContextConfiguration attributes [{name=, value=[], classes=[], loader=class org.springframework.test.context.support.AnnotationConfigContextLoader, inheritLocations=true, initializers=[], locations=[], inheritInitializers=true}] for declaring class [no.nmdc.oaipmhharvester.service.HarvestServiceImplTest].
16:34:57.622 [main] TRACE o.s.t.c.support.ContextLoaderUtils - Resolved context configuration attributes: [ContextConfigurationAttributes@1500955a declaringClass = 'no.nmdc.oaipmhharvester.service.HarvestServiceImplTest', classes = '{}', locations = '{}', inheritLocations = true, initializers = '{}', inheritInitializers = true, name = [null], contextLoaderClass = 'org.springframework.test.context.support.AnnotationConfigContextLoader']
16:34:57.622 [main] TRACE o.s.t.c.s.DefaultTestContextBootstrapper - Resolving ContextLoader for context configuration attributes [ContextConfigurationAttributes@1500955a declaringClass = 'no.nmdc.oaipmhharvester.service.HarvestServiceImplTest', classes = '{}', locations = '{}', inheritLocations = true, initializers = '{}', inheritInitializers = true, name = [null], contextLoaderClass = 'org.springframework.test.context.support.AnnotationConfigContextLoader']
16:34:57.622 [main] DEBUG o.s.t.c.s.DefaultTestContextBootstrapper - Found explicit ContextLoader class [org.springframework.test.context.support.AnnotationConfigContextLoader] for context configuration attributes [ContextConfigurationAttributes@1500955a declaringClass = 'no.nmdc.oaipmhharvester.service.HarvestServiceImplTest', classes = '{}', locations = '{}', inheritLocations = true, initializers = '{}', inheritInitializers = true, name = [null], contextLoaderClass = 'org.springframework.test.context.support.AnnotationConfigContextLoader']
16:34:57.622 [main] TRACE o.s.t.c.s.DefaultTestContextBootstrapper - Using ContextLoader class [org.springframework.test.context.support.AnnotationConfigContextLoader] for test class [no.nmdc.oaipmhharvester.service.HarvestServiceImplTest]
16:34:57.627 [main] TRACE o.s.t.c.s.DefaultTestContextBootstrapper - Processing locations and classes for context configuration attributes [ContextConfigurationAttributes@1500955a declaringClass = 'no.nmdc.oaipmhharvester.service.HarvestServiceImplTest', classes = '{}', locations = '{}', inheritLocations = true, initializers = '{}', inheritInitializers = true, name = [null], contextLoaderClass = 'org.springframework.test.context.support.AnnotationConfigContextLoader']
16:34:57.632 [main] TRACE o.s.t.c.s.ApplicationContextInitializerUtils - Processing context initializers for context configuration attributes [ContextConfigurationAttributes@1500955a declaringClass = 'no.nmdc.oaipmhharvester.service.HarvestServiceImplTest', classes = '{class no.nmdc.oaipmhharvester.service.HarvestServiceImplTest$ContextConfiguration}', locations = '{}', inheritLocations = true, initializers = '{}', inheritInitializers = true, name = [null], contextLoaderClass = 'org.springframework.test.context.support.AnnotationConfigContextLoader']
16:34:57.632 [main] DEBUG o.s.t.c.support.ActiveProfilesUtils - Could not find an 'annotation declaring class' for annotation type [org.springframework.test.context.ActiveProfiles] and class [no.nmdc.oaipmhharvester.service.HarvestServiceImplTest]
16:34:57.637 [main] DEBUG o.s.t.c.s.DefaultTestContextBootstrapper - @TestExecutionListeners is not present for class [no.nmdc.oaipmhharvester.service.HarvestServiceImplTest]: using defaults.
16:34:57.639 [main] INFO  o.s.t.c.s.DefaultTestContextBootstrapper - Loaded default TestExecutionListener class names from location [META-INF/spring.factories]: [org.springframework.test.context.web.ServletTestExecutionListener, org.springframework.test.context.support.DependencyInjectionTestExecutionListener, org.springframework.test.context.support.DirtiesContextTestExecutionListener, org.springframework.test.context.transaction.TransactionalTestExecutionListener, org.springframework.test.context.jdbc.SqlScriptsTestExecutionListener]
16:34:57.665 [main] INFO  o.s.t.c.s.DefaultTestContextBootstrapper - Using TestExecutionListeners: [org.springframework.test.context.web.ServletTestExecutionListener@15b3e5b, org.springframework.test.context.support.DependencyInjectionTestExecutionListener@61ca2dfa, org.springframework.test.context.support.DirtiesContextTestExecutionListener@4b53f538, org.springframework.test.context.transaction.TransactionalTestExecutionListener@134593bf, org.springframework.test.context.jdbc.SqlScriptsTestExecutionListener@4bb4de6a]
16:34:57.665 [main] TRACE o.s.test.context.TestContextManager - Registering TestExecutionListener: org.springframework.test.context.web.ServletTestExecutionListener@15b3e5b
16:34:57.665 [main] TRACE o.s.test.context.TestContextManager - Registering TestExecutionListener: org.springframework.test.context.support.DependencyInjectionTestExecutionListener@61ca2dfa
16:34:57.665 [main] TRACE o.s.test.context.TestContextManager - Registering TestExecutionListener: org.springframework.test.context.support.DirtiesContextTestExecutionListener@4b53f538
16:34:57.665 [main] TRACE o.s.test.context.TestContextManager - Registering TestExecutionListener: org.springframework.test.context.transaction.TransactionalTestExecutionListener@134593bf
16:34:57.665 [main] TRACE o.s.test.context.TestContextManager - Registering TestExecutionListener: org.springframework.test.context.jdbc.SqlScriptsTestExecutionListener@4bb4de6a
16:34:57.665 [main] DEBUG o.s.t.annotation.ProfileValueUtils - Retrieved @ProfileValueSourceConfiguration [null] for test class [no.nmdc.oaipmhharvester.service.HarvestServiceImplTest]
16:34:57.665 [main] DEBUG o.s.t.annotation.ProfileValueUtils - Retrieved ProfileValueSource type [class org.springframework.test.annotation.SystemProfileValueSource] for class [no.nmdc.oaipmhharvester.service.HarvestServiceImplTest]
16:34:57.665 [main] DEBUG o.s.t.annotation.ProfileValueUtils - Retrieved @ProfileValueSourceConfiguration [null] for test class [no.nmdc.oaipmhharvester.service.HarvestServiceImplTest]
16:34:57.665 [main] DEBUG o.s.t.annotation.ProfileValueUtils - Retrieved ProfileValueSource type [class org.springframework.test.annotation.SystemProfileValueSource] for class [no.nmdc.oaipmhharvester.service.HarvestServiceImplTest]
16:34:57.670 [main] TRACE o.s.test.context.TestContextManager - beforeTestClass(): class [no.nmdc.oaipmhharvester.service.HarvestServiceImplTest]
16:34:57.670 [main] DEBUG o.s.t.annotation.ProfileValueUtils - Retrieved @ProfileValueSourceConfiguration [null] for test class [no.nmdc.oaipmhharvester.service.HarvestServiceImplTest]
16:34:57.670 [main] DEBUG o.s.t.annotation.ProfileValueUtils - Retrieved ProfileValueSource type [class org.springframework.test.annotation.SystemProfileValueSource] for class [no.nmdc.oaipmhharvester.service.HarvestServiceImplTest]
16:34:57.670 [main] TRACE o.s.test.context.TestContextManager - prepareTestInstance(): instance [no.nmdc.oaipmhharvester.service.HarvestServiceImplTest@4b9e255]
16:34:57.670 [main] DEBUG o.s.t.c.s.DependencyInjectionTestExecutionListener - Performing dependency injection for test context [[DefaultTestContext@1ad282e0 testClass = HarvestServiceImplTest, testInstance = no.nmdc.oaipmhharvester.service.HarvestServiceImplTest@4b9e255, testMethod = [null], testException = [null], mergedContextConfiguration = [MergedContextConfiguration@7f416310 testClass = HarvestServiceImplTest, locations = '{}', classes = '{class no.nmdc.oaipmhharvester.service.HarvestServiceImplTest$ContextConfiguration}', contextInitializerClasses = '[]', activeProfiles = '{}', propertySourceLocations = '{}', propertySourceProperties = '{}', contextLoader = 'org.springframework.test.context.support.AnnotationConfigContextLoader', parent = [null]]]].
16:34:57.670 [main] DEBUG o.s.t.c.s.AbstractGenericContextLoader - Loading ApplicationContext for merged context configuration [[MergedContextConfiguration@7f416310 testClass = HarvestServiceImplTest, locations = '{}', classes = '{class no.nmdc.oaipmhharvester.service.HarvestServiceImplTest$ContextConfiguration}', contextInitializerClasses = '[]', activeProfiles = '{}', propertySourceLocations = '{}', propertySourceProperties = '{}', contextLoader = 'org.springframework.test.context.support.AnnotationConfigContextLoader', parent = [null]]].
16:34:57.741 [main] DEBUG o.s.core.env.StandardEnvironment - Adding [systemProperties] PropertySource with lowest search precedence
16:34:57.741 [main] DEBUG o.s.core.env.StandardEnvironment - Adding [systemEnvironment] PropertySource with lowest search precedence
16:34:57.741 [main] DEBUG o.s.core.env.StandardEnvironment - Initialized StandardEnvironment with PropertySources [systemProperties,systemEnvironment]
16:34:57.741 [main] DEBUG o.s.t.c.s.AnnotationConfigContextLoader - Registering annotated classes: {class no.nmdc.oaipmhharvester.service.HarvestServiceImplTest$ContextConfiguration}
16:34:57.761 [main] INFO  o.s.c.s.GenericApplicationContext - Refreshing org.springframework.context.support.GenericApplicationContext@32a068d1: startup date [Mon Nov 14 16:34:57 CET 2016]; root of context hierarchy
16:34:57.761 [main] DEBUG o.s.c.s.GenericApplicationContext - Bean factory for org.springframework.context.support.GenericApplicationContext@32a068d1: org.springframework.beans.factory.support.DefaultListableBeanFactory@6af93788: defining beans [org.springframework.context.annotation.internalConfigurationAnnotationProcessor,org.springframework.context.annotation.internalAutowiredAnnotationProcessor,org.springframework.context.annotation.internalRequiredAnnotationProcessor,org.springframework.context.annotation.internalCommonAnnotationProcessor,org.springframework.context.event.internalEventListenerProcessor,org.springframework.context.event.internalEventListenerFactory,harvestServiceImplTest.ContextConfiguration]; root of factory hierarchy
16:34:57.771 [main] DEBUG o.s.b.f.s.DefaultListableBeanFactory - Creating shared instance of singleton bean 'org.springframework.context.annotation.internalConfigurationAnnotationProcessor'
16:34:57.771 [main] DEBUG o.s.b.f.s.DefaultListableBeanFactory - Creating instance of bean 'org.springframework.context.annotation.internalConfigurationAnnotationProcessor'
16:34:57.786 [main] DEBUG o.s.b.f.s.DefaultListableBeanFactory - Eagerly caching bean 'org.springframework.context.annotation.internalConfigurationAnnotationProcessor' to allow for resolving potential circular references
16:34:57.786 [main] DEBUG o.s.b.f.s.DefaultListableBeanFactory - Finished creating instance of bean 'org.springframework.context.annotation.internalConfigurationAnnotationProcessor'
16:34:57.811 [main] DEBUG o.s.c.a.ConfigurationClassBeanDefinitionReader - Registering bean definition for @Bean method no.nmdc.oaipmhharvester.service.HarvestServiceImplTest$ContextConfiguration.oaiPMHservice()
16:34:57.816 [main] DEBUG o.s.c.a.ConfigurationClassBeanDefinitionReader - Registering bean definition for @Bean method no.nmdc.oaipmhharvester.service.HarvestServiceImplTest$ContextConfiguration.datasetDao()
16:34:57.816 [main] DEBUG o.s.c.a.ConfigurationClassBeanDefinitionReader - Registering bean definition for @Bean method no.nmdc.oaipmhharvester.service.HarvestServiceImplTest$ContextConfiguration.harvestService()
16:34:57.816 [main] DEBUG o.s.c.a.ConfigurationClassBeanDefinitionReader - Registering bean definition for @Bean method no.nmdc.oaipmhharvester.service.HarvestServiceImplTest$ContextConfiguration.harvesterConf()
16:34:57.886 [main] DEBUG o.s.c.a.ConfigurationClassEnhancer - Successfully enhanced no.nmdc.oaipmhharvester.service.HarvestServiceImplTest$ContextConfiguration; enhanced class name is: no.nmdc.oaipmhharvester.service.HarvestServiceImplTest$ContextConfiguration$$EnhancerBySpringCGLIB$$b6f4549
16:34:57.886 [main] DEBUG o.s.c.a.ConfigurationClassPostProcessor - Replacing bean definition 'harvestServiceImplTest.ContextConfiguration' existing class 'no.nmdc.oaipmhharvester.service.HarvestServiceImplTest$ContextConfiguration' with enhanced class 'no.nmdc.oaipmhharvester.service.HarvestServiceImplTest$ContextConfiguration$$EnhancerBySpringCGLIB$$b6f4549'
16:34:57.886 [main] DEBUG o.s.b.f.s.DefaultListableBeanFactory - Creating shared instance of singleton bean 'org.springframework.context.annotation.internalAutowiredAnnotationProcessor'
16:34:57.886 [main] DEBUG o.s.b.f.s.DefaultListableBeanFactory - Creating instance of bean 'org.springframework.context.annotation.internalAutowiredAnnotationProcessor'
16:34:57.886 [main] DEBUG o.s.b.f.s.DefaultListableBeanFactory - Eagerly caching bean 'org.springframework.context.annotation.internalAutowiredAnnotationProcessor' to allow for resolving potential circular references
16:34:57.886 [main] DEBUG o.s.b.f.s.DefaultListableBeanFactory - Finished creating instance of bean 'org.springframework.context.annotation.internalAutowiredAnnotationProcessor'
16:34:57.886 [main] DEBUG o.s.b.f.s.DefaultListableBeanFactory - Creating shared instance of singleton bean 'org.springframework.context.annotation.internalRequiredAnnotationProcessor'
16:34:57.886 [main] DEBUG o.s.b.f.s.DefaultListableBeanFactory - Creating instance of bean 'org.springframework.context.annotation.internalRequiredAnnotationProcessor'
16:34:57.886 [main] DEBUG o.s.b.f.s.DefaultListableBeanFactory - Eagerly caching bean 'org.springframework.context.annotation.internalRequiredAnnotationProcessor' to allow for resolving potential circular references
16:34:57.891 [main] DEBUG o.s.b.f.s.DefaultListableBeanFactory - Finished creating instance of bean 'org.springframework.context.annotation.internalRequiredAnnotationProcessor'
16:34:57.891 [main] DEBUG o.s.b.f.s.DefaultListableBeanFactory - Creating shared instance of singleton bean 'org.springframework.context.annotation.internalCommonAnnotationProcessor'
16:34:57.891 [main] DEBUG o.s.b.f.s.DefaultListableBeanFactory - Creating instance of bean 'org.springframework.context.annotation.internalCommonAnnotationProcessor'
16:34:57.891 [main] DEBUG o.s.b.f.s.DefaultListableBeanFactory - Eagerly caching bean 'org.springframework.context.annotation.internalCommonAnnotationProcessor' to allow for resolving potential circular references
16:34:57.891 [main] DEBUG o.s.b.f.s.DefaultListableBeanFactory - Finished creating instance of bean 'org.springframework.context.annotation.internalCommonAnnotationProcessor'
16:34:57.891 [main] DEBUG o.s.b.f.s.DefaultListableBeanFactory - Creating shared instance of singleton bean 'org.springframework.context.annotation.ConfigurationClassPostProcessor.importAwareProcessor'
16:34:57.891 [main] DEBUG o.s.b.f.s.DefaultListableBeanFactory - Creating instance of bean 'org.springframework.context.annotation.ConfigurationClassPostProcessor.importAwareProcessor'
16:34:57.891 [main] DEBUG o.s.b.f.s.DefaultListableBeanFactory - Eagerly caching bean 'org.springframework.context.annotation.ConfigurationClassPostProcessor.importAwareProcessor' to allow for resolving potential circular references
16:34:57.891 [main] DEBUG o.s.b.f.s.DefaultListableBeanFactory - Finished creating instance of bean 'org.springframework.context.annotation.ConfigurationClassPostProcessor.importAwareProcessor'
16:34:57.891 [main] DEBUG o.s.b.f.s.DefaultListableBeanFactory - Creating shared instance of singleton bean 'org.springframework.context.annotation.ConfigurationClassPostProcessor.enhancedConfigurationProcessor'
16:34:57.891 [main] DEBUG o.s.b.f.s.DefaultListableBeanFactory - Creating instance of bean 'org.springframework.context.annotation.ConfigurationClassPostProcessor.enhancedConfigurationProcessor'
16:34:57.891 [main] DEBUG o.s.b.f.s.DefaultListableBeanFactory - Eagerly caching bean 'org.springframework.context.annotation.ConfigurationClassPostProcessor.enhancedConfigurationProcessor' to allow for resolving potential circular references
16:34:57.891 [main] DEBUG o.s.b.f.s.DefaultListableBeanFactory - Finished creating instance of bean 'org.springframework.context.annotation.ConfigurationClassPostProcessor.enhancedConfigurationProcessor'
16:34:57.891 [main] DEBUG o.s.c.s.GenericApplicationContext - Unable to locate MessageSource with name 'messageSource': using default [org.springframework.context.support.DelegatingMessageSource@610f7aa]
16:34:57.896 [main] DEBUG o.s.c.s.GenericApplicationContext - Unable to locate ApplicationEventMulticaster with name 'applicationEventMulticaster': using default [org.springframework.context.event.SimpleApplicationEventMulticaster@11fc564b]
16:34:57.896 [main] DEBUG o.s.b.f.s.DefaultListableBeanFactory - Pre-instantiating singletons in org.springframework.beans.factory.support.DefaultListableBeanFactory@6af93788: defining beans [org.springframework.context.annotation.internalConfigurationAnnotationProcessor,org.springframework.context.annotation.internalAutowiredAnnotationProcessor,org.springframework.context.annotation.internalRequiredAnnotationProcessor,org.springframework.context.annotation.internalCommonAnnotationProcessor,org.springframework.context.event.internalEventListenerProcessor,org.springframework.context.event.internalEventListenerFactory,harvestServiceImplTest.ContextConfiguration,org.springframework.context.annotation.ConfigurationClassPostProcessor.importAwareProcessor,org.springframework.context.annotation.ConfigurationClassPostProcessor.enhancedConfigurationProcessor,oaiPMHservice,datasetDao,harvestService,harvesterConf]; root of factory hierarchy
16:34:57.896 [main] DEBUG o.s.b.f.s.DefaultListableBeanFactory - Returning cached instance of singleton bean 'org.springframework.context.annotation.internalConfigurationAnnotationProcessor'
16:34:57.896 [main] DEBUG o.s.b.f.s.DefaultListableBeanFactory - Returning cached instance of singleton bean 'org.springframework.context.annotation.internalAutowiredAnnotationProcessor'
16:34:57.896 [main] DEBUG o.s.b.f.s.DefaultListableBeanFactory - Returning cached instance of singleton bean 'org.springframework.context.annotation.internalRequiredAnnotationProcessor'
16:34:57.896 [main] DEBUG o.s.b.f.s.DefaultListableBeanFactory - Returning cached instance of singleton bean 'org.springframework.context.annotation.internalCommonAnnotationProcessor'
16:34:57.896 [main] DEBUG o.s.b.f.s.DefaultListableBeanFactory - Creating shared instance of singleton bean 'org.springframework.context.event.internalEventListenerProcessor'
16:34:57.896 [main] DEBUG o.s.b.f.s.DefaultListableBeanFactory - Creating instance of bean 'org.springframework.context.event.internalEventListenerProcessor'
16:34:57.901 [main] DEBUG o.s.b.f.s.DefaultListableBeanFactory - Eagerly caching bean 'org.springframework.context.event.internalEventListenerProcessor' to allow for resolving potential circular references
16:34:57.901 [main] TRACE o.s.c.i.s.SpringFactoriesLoader - Loaded [org.springframework.beans.BeanInfoFactory] names: [org.springframework.beans.ExtendedBeanInfoFactory]
16:34:57.901 [main] TRACE o.s.beans.CachedIntrospectionResults - Getting BeanInfo for class [org.springframework.context.event.EventListenerMethodProcessor]
16:34:57.906 [main] TRACE o.s.beans.CachedIntrospectionResults - Caching PropertyDescriptors for class [org.springframework.context.event.EventListenerMethodProcessor]
16:34:57.906 [main] TRACE o.s.beans.CachedIntrospectionResults - Found bean property 'applicationContext' of type [org.springframework.context.ApplicationContext]
16:34:57.906 [main] TRACE o.s.beans.CachedIntrospectionResults - Found bean property 'class' of type [java.lang.Class]
16:34:57.906 [main] DEBUG o.s.b.f.s.DefaultListableBeanFactory - Finished creating instance of bean 'org.springframework.context.event.internalEventListenerProcessor'
16:34:57.906 [main] DEBUG o.s.b.f.s.DefaultListableBeanFactory - Creating shared instance of singleton bean 'org.springframework.context.event.internalEventListenerFactory'
16:34:57.906 [main] DEBUG o.s.b.f.s.DefaultListableBeanFactory - Creating instance of bean 'org.springframework.context.event.internalEventListenerFactory'
16:34:57.906 [main] DEBUG o.s.b.f.s.DefaultListableBeanFactory - Eagerly caching bean 'org.springframework.context.event.internalEventListenerFactory' to allow for resolving potential circular references
16:34:57.906 [main] TRACE o.s.beans.CachedIntrospectionResults - Getting BeanInfo for class [org.springframework.context.event.DefaultEventListenerFactory]
16:34:57.911 [main] TRACE o.s.beans.CachedIntrospectionResults - Caching PropertyDescriptors for class [org.springframework.context.event.DefaultEventListenerFactory]
16:34:57.911 [main] TRACE o.s.beans.CachedIntrospectionResults - Found bean property 'class' of type [java.lang.Class]
16:34:57.911 [main] TRACE o.s.beans.CachedIntrospectionResults - Found bean property 'order' of type [int]
16:34:57.911 [main] DEBUG o.s.b.f.s.DefaultListableBeanFactory - Finished creating instance of bean 'org.springframework.context.event.internalEventListenerFactory'
16:34:57.911 [main] DEBUG o.s.b.f.s.DefaultListableBeanFactory - Creating shared instance of singleton bean 'harvestServiceImplTest.ContextConfiguration'
16:34:57.911 [main] DEBUG o.s.b.f.s.DefaultListableBeanFactory - Creating instance of bean 'harvestServiceImplTest.ContextConfiguration'
16:34:57.911 [main] DEBUG o.s.b.f.s.DefaultListableBeanFactory - Eagerly caching bean 'harvestServiceImplTest.ContextConfiguration' to allow for resolving potential circular references
16:34:57.911 [main] TRACE o.s.beans.CachedIntrospectionResults - Getting BeanInfo for class [no.nmdc.oaipmhharvester.service.HarvestServiceImplTest$ContextConfiguration$$EnhancerBySpringCGLIB$$b6f4549]
16:34:57.911 [main] TRACE o.s.beans.CachedIntrospectionResults - Caching PropertyDescriptors for class [no.nmdc.oaipmhharvester.service.HarvestServiceImplTest$ContextConfiguration$$EnhancerBySpringCGLIB$$b6f4549]
16:34:57.911 [main] TRACE o.s.beans.CachedIntrospectionResults - Found bean property 'beanFactory' of type [org.springframework.beans.factory.BeanFactory]
16:34:57.911 [main] TRACE o.s.beans.CachedIntrospectionResults - Found bean property 'class' of type [java.lang.Class]
16:34:57.911 [main] DEBUG o.s.b.f.s.DefaultListableBeanFactory - Finished creating instance of bean 'harvestServiceImplTest.ContextConfiguration'
16:34:57.916 [main] DEBUG o.s.b.f.s.DefaultListableBeanFactory - Returning cached instance of singleton bean 'org.springframework.context.annotation.ConfigurationClassPostProcessor.importAwareProcessor'
16:34:57.916 [main] DEBUG o.s.b.f.s.DefaultListableBeanFactory - Returning cached instance of singleton bean 'org.springframework.context.annotation.ConfigurationClassPostProcessor.enhancedConfigurationProcessor'
16:34:57.916 [main] DEBUG o.s.b.f.s.DefaultListableBeanFactory - Creating shared instance of singleton bean 'oaiPMHservice'
16:34:57.916 [main] DEBUG o.s.b.f.s.DefaultListableBeanFactory - Creating instance of bean 'oaiPMHservice'
16:34:57.916 [main] DEBUG o.s.b.f.s.DefaultListableBeanFactory - Returning cached instance of singleton bean 'harvestServiceImplTest.ContextConfiguration'
16:34:58.192 [main] DEBUG o.s.b.f.s.DefaultListableBeanFactory - Eagerly caching bean 'oaiPMHservice' to allow for resolving potential circular references
16:34:58.192 [main] TRACE o.s.beans.CachedIntrospectionResults - Getting BeanInfo for class [no.nmdc.oaipmhharvester.service.OAIPMHService$$EnhancerByMockitoWithCGLIB$$627c4d9c]
16:34:58.197 [main] TRACE o.s.beans.CachedIntrospectionResults - Caching PropertyDescriptors for class [no.nmdc.oaipmhharvester.service.OAIPMHService$$EnhancerByMockitoWithCGLIB$$627c4d9c]
16:34:58.197 [main] TRACE o.s.beans.CachedIntrospectionResults - Found bean property 'callback'
16:34:58.197 [main] TRACE o.s.beans.CachedIntrospectionResults - Found bean property 'callbacks' of type [[Lorg.mockito.cglib.proxy.Callback;]
16:34:58.197 [main] TRACE o.s.beans.CachedIntrospectionResults - Found bean property 'class' of type [java.lang.Class]
16:34:58.197 [main] TRACE o.s.beans.CachedIntrospectionResults - Found bean property 'currentResumptionToken' of type [java.lang.String]
16:34:58.197 [main] DEBUG o.s.b.f.s.DefaultListableBeanFactory - Finished creating instance of bean 'oaiPMHservice'
16:34:58.197 [main] DEBUG o.s.b.f.s.DefaultListableBeanFactory - Creating shared instance of singleton bean 'datasetDao'
16:34:58.197 [main] DEBUG o.s.b.f.s.DefaultListableBeanFactory - Creating instance of bean 'datasetDao'
16:34:58.197 [main] DEBUG o.s.b.f.s.DefaultListableBeanFactory - Returning cached instance of singleton bean 'harvestServiceImplTest.ContextConfiguration'
16:34:58.202 [main] DEBUG o.s.b.f.s.DefaultListableBeanFactory - Eagerly caching bean 'datasetDao' to allow for resolving potential circular references
16:34:58.202 [main] TRACE o.s.beans.CachedIntrospectionResults - Getting BeanInfo for class [no.nmdc.oaipmhharvester.dao.DatasetDao$$EnhancerByMockitoWithCGLIB$$1fd27da8]
16:34:58.202 [main] TRACE o.s.beans.CachedIntrospectionResults - Caching PropertyDescriptors for class [no.nmdc.oaipmhharvester.dao.DatasetDao$$EnhancerByMockitoWithCGLIB$$1fd27da8]
16:34:58.202 [main] TRACE o.s.beans.CachedIntrospectionResults - Found bean property 'callback'
16:34:58.202 [main] TRACE o.s.beans.CachedIntrospectionResults - Found bean property 'callbacks' of type [[Lorg.mockito.cglib.proxy.Callback;]
16:34:58.202 [main] TRACE o.s.beans.CachedIntrospectionResults - Found bean property 'class' of type [java.lang.Class]
16:34:58.202 [main] DEBUG o.s.b.f.s.DefaultListableBeanFactory - Finished creating instance of bean 'datasetDao'
16:34:58.202 [main] DEBUG o.s.b.f.s.DefaultListableBeanFactory - Creating shared instance of singleton bean 'harvestService'
16:34:58.202 [main] DEBUG o.s.b.f.s.DefaultListableBeanFactory - Creating instance of bean 'harvestService'
16:34:58.202 [main] DEBUG o.s.b.f.s.DefaultListableBeanFactory - Returning cached instance of singleton bean 'harvestServiceImplTest.ContextConfiguration'
16:34:58.212 [main] DEBUG o.s.b.f.annotation.InjectionMetadata - Registered injected element on class [no.nmdc.oaipmhharvester.service.HarvestServiceImpl]: AutowiredFieldElement for private org.apache.commons.configuration.PropertiesConfiguration no.nmdc.oaipmhharvester.service.HarvestServiceImpl.harvesterConfiguration
16:34:58.212 [main] DEBUG o.s.b.f.annotation.InjectionMetadata - Registered injected element on class [no.nmdc.oaipmhharvester.service.HarvestServiceImpl]: AutowiredFieldElement for private no.nmdc.oaipmhharvester.service.OAIPMHService no.nmdc.oaipmhharvester.service.HarvestServiceImpl.oaipmhService
16:34:58.212 [main] DEBUG o.s.b.f.annotation.InjectionMetadata - Registered injected element on class [no.nmdc.oaipmhharvester.service.HarvestServiceImpl]: AutowiredFieldElement for private no.nmdc.oaipmhharvester.dao.DatasetDao no.nmdc.oaipmhharvester.service.HarvestServiceImpl.datasetDao
16:34:58.212 [main] DEBUG o.s.b.f.s.DefaultListableBeanFactory - Eagerly caching bean 'harvestService' to allow for resolving potential circular references
16:34:58.212 [main] TRACE o.s.beans.CachedIntrospectionResults - Getting BeanInfo for class [no.nmdc.oaipmhharvester.service.HarvestServiceImpl]
16:34:58.212 [main] TRACE o.s.beans.CachedIntrospectionResults - Caching PropertyDescriptors for class [no.nmdc.oaipmhharvester.service.HarvestServiceImpl]
16:34:58.212 [main] TRACE o.s.beans.CachedIntrospectionResults - Found bean property 'class' of type [java.lang.Class]
16:34:58.217 [main] DEBUG o.s.b.f.annotation.InjectionMetadata - Processing injected element of bean 'harvestService': AutowiredFieldElement for private org.apache.commons.configuration.PropertiesConfiguration no.nmdc.oaipmhharvester.service.HarvestServiceImpl.harvesterConfiguration
16:34:58.217 [main] DEBUG o.s.b.f.s.DefaultListableBeanFactory - Creating shared instance of singleton bean 'harvesterConf'
16:34:58.217 [main] DEBUG o.s.b.f.s.DefaultListableBeanFactory - Creating instance of bean 'harvesterConf'
16:34:58.217 [main] DEBUG o.s.b.f.s.DefaultListableBeanFactory - Returning cached instance of singleton bean 'harvestServiceImplTest.ContextConfiguration'
16:34:58.234 [main] DEBUG o.s.b.f.s.DefaultListableBeanFactory - Eagerly caching bean 'harvesterConf' to allow for resolving potential circular references
16:34:58.235 [main] TRACE o.s.beans.CachedIntrospectionResults - Getting BeanInfo for class [org.apache.commons.configuration.PropertiesConfiguration]
16:34:58.244 [main] TRACE o.s.beans.CachedIntrospectionResults - Caching PropertyDescriptors for class [org.apache.commons.configuration.PropertiesConfiguration]
16:34:58.244 [main] TRACE o.s.beans.CachedIntrospectionResults - Found bean property 'IOFactory' of type [org.apache.commons.configuration.PropertiesConfiguration$IOFactory]
16:34:58.244 [main] TRACE o.s.beans.CachedIntrospectionResults - Found bean property 'URL' of type [java.net.URL]
16:34:58.244 [main] TRACE o.s.beans.CachedIntrospectionResults - Found bean property 'autoSave' of type [boolean]
16:34:58.244 [main] TRACE o.s.beans.CachedIntrospectionResults - Found bean property 'basePath' of type [java.lang.String]
16:34:58.244 [main] TRACE o.s.beans.CachedIntrospectionResults - Found bean property 'class' of type [java.lang.Class]
16:34:58.244 [main] TRACE o.s.beans.CachedIntrospectionResults - Found bean property 'configurationListeners' of type [java.util.Collection]
16:34:58.244 [main] TRACE o.s.beans.CachedIntrospectionResults - Found bean property 'defaultListDelimiter' of type [char]
16:34:58.245 [main] TRACE o.s.beans.CachedIntrospectionResults - Found bean property 'delimiter' of type [char]
16:34:58.245 [main] TRACE o.s.beans.CachedIntrospectionResults - Found bean property 'delimiterParsingDisabled' of type [boolean]
16:34:58.245 [main] TRACE o.s.beans.CachedIntrospectionResults - Found bean property 'detailEvents' of type [boolean]
16:34:58.245 [main] TRACE o.s.beans.CachedIntrospectionResults - Found bean property 'empty' of type [boolean]
16:34:58.245 [main] TRACE o.s.beans.CachedIntrospectionResults - Found bean property 'encoding' of type [java.lang.String]
16:34:58.245 [main] TRACE o.s.beans.CachedIntrospectionResults - Found bean property 'errorListeners' of type [java.util.Collection]
16:34:58.245 [main] TRACE o.s.beans.CachedIntrospectionResults - Found bean property 'file' of type [java.io.File]
16:34:58.245 [main] TRACE o.s.beans.CachedIntrospectionResults - Found bean property 'fileName' of type [java.lang.String]
16:34:58.245 [main] TRACE o.s.beans.CachedIntrospectionResults - Found bean property 'fileSystem' of type [org.apache.commons.configuration.FileSystem]
16:34:58.245 [main] TRACE o.s.beans.CachedIntrospectionResults - Found bean property 'footer' of type [java.lang.String]
16:34:58.245 [main] TRACE o.s.beans.CachedIntrospectionResults - Found bean property 'header' of type [java.lang.String]
16:34:58.245 [main] TRACE o.s.beans.CachedIntrospectionResults - Found bean property 'include' of type [java.lang.String]
16:34:58.245 [main] TRACE o.s.beans.CachedIntrospectionResults - Found bean property 'includesAllowed' of type [boolean]
16:34:58.245 [main] TRACE o.s.beans.CachedIntrospectionResults - Found bean property 'interpolator' of type [org.apache.commons.configuration.interpol.ConfigurationInterpolator]
16:34:58.246 [main] TRACE o.s.beans.CachedIntrospectionResults - Found bean property 'keys' of type [java.util.Iterator]
16:34:58.246 [main] TRACE o.s.beans.CachedIntrospectionResults - Found bean property 'layout' of type [org.apache.commons.configuration.PropertiesConfigurationLayout]
16:34:58.246 [main] TRACE o.s.beans.CachedIntrospectionResults - Found bean property 'listDelimiter' of type [char]
16:34:58.246 [main] TRACE o.s.beans.CachedIntrospectionResults - Found bean property 'logger' of type [org.apache.commons.logging.Log]
16:34:58.246 [main] TRACE o.s.beans.CachedIntrospectionResults - Found bean property 'path' of type [java.lang.String]
16:34:58.246 [main] TRACE o.s.beans.CachedIntrospectionResults - Found bean property 'reloadLock' of type [java.lang.Object]
16:34:58.246 [main] TRACE o.s.beans.CachedIntrospectionResults - Found bean property 'reloadingStrategy' of type [org.apache.commons.configuration.reloading.ReloadingStrategy]
16:34:58.246 [main] TRACE o.s.beans.CachedIntrospectionResults - Found bean property 'substitutor' of type [org.apache.commons.lang.text.StrSubstitutor]
16:34:58.246 [main] TRACE o.s.beans.CachedIntrospectionResults - Found bean property 'throwExceptionOnMissing' of type [boolean]
16:34:58.257 [main] DEBUG o.s.b.f.s.DefaultListableBeanFactory - Finished creating instance of bean 'harvesterConf'
16:34:58.257 [main] DEBUG o.s.b.f.a.AutowiredAnnotationBeanPostProcessor - Autowiring by type from bean name 'harvestService' to bean named 'harvesterConf'
16:34:58.257 [main] DEBUG o.s.b.f.annotation.InjectionMetadata - Processing injected element of bean 'harvestService': AutowiredFieldElement for private no.nmdc.oaipmhharvester.service.OAIPMHService no.nmdc.oaipmhharvester.service.HarvestServiceImpl.oaipmhService
16:34:58.257 [main] DEBUG o.s.b.f.s.DefaultListableBeanFactory - Returning cached instance of singleton bean 'oaiPMHservice'
16:34:58.257 [main] DEBUG o.s.b.f.a.AutowiredAnnotationBeanPostProcessor - Autowiring by type from bean name 'harvestService' to bean named 'oaiPMHservice'
16:34:58.257 [main] DEBUG o.s.b.f.annotation.InjectionMetadata - Processing injected element of bean 'harvestService': AutowiredFieldElement for private no.nmdc.oaipmhharvester.dao.DatasetDao no.nmdc.oaipmhharvester.service.HarvestServiceImpl.datasetDao
16:34:58.257 [main] DEBUG o.s.b.f.s.DefaultListableBeanFactory - Returning cached instance of singleton bean 'datasetDao'
16:34:58.257 [main] DEBUG o.s.b.f.a.AutowiredAnnotationBeanPostProcessor - Autowiring by type from bean name 'harvestService' to bean named 'datasetDao'
16:34:58.257 [main] DEBUG o.s.b.f.s.DefaultListableBeanFactory - Finished creating instance of bean 'harvestService'
16:34:58.257 [main] DEBUG o.s.b.f.s.DefaultListableBeanFactory - Returning cached instance of singleton bean 'harvesterConf'
16:34:58.257 [main] DEBUG o.s.b.f.s.DefaultListableBeanFactory - Returning cached instance of singleton bean 'org.springframework.context.event.internalEventListenerFactory'
16:34:58.257 [main] TRACE o.s.c.e.EventListenerMethodProcessor - No @EventListener annotations found on bean class: class org.springframework.context.annotation.ConfigurationClassPostProcessor
16:34:58.262 [main] TRACE o.s.c.e.EventListenerMethodProcessor - No @EventListener annotations found on bean class: class org.springframework.beans.factory.annotation.AutowiredAnnotationBeanPostProcessor
16:34:58.262 [main] TRACE o.s.c.e.EventListenerMethodProcessor - No @EventListener annotations found on bean class: class org.springframework.beans.factory.annotation.RequiredAnnotationBeanPostProcessor
16:34:58.262 [main] TRACE o.s.c.e.EventListenerMethodProcessor - No @EventListener annotations found on bean class: class org.springframework.context.annotation.CommonAnnotationBeanPostProcessor
16:34:58.262 [main] TRACE o.s.c.e.EventListenerMethodProcessor - No @EventListener annotations found on bean class: class org.springframework.context.event.EventListenerMethodProcessor
16:34:58.262 [main] TRACE o.s.c.e.EventListenerMethodProcessor - No @EventListener annotations found on bean class: class org.springframework.context.event.DefaultEventListenerFactory
16:34:58.262 [main] TRACE o.s.c.e.EventListenerMethodProcessor - No @EventListener annotations found on bean class: class no.nmdc.oaipmhharvester.service.HarvestServiceImplTest$ContextConfiguration$$EnhancerBySpringCGLIB$$b6f4549
16:34:58.262 [main] TRACE o.s.c.e.EventListenerMethodProcessor - No @EventListener annotations found on bean class: class org.springframework.context.annotation.ConfigurationClassPostProcessor$ImportAwareBeanPostProcessor
16:34:58.262 [main] TRACE o.s.c.e.EventListenerMethodProcessor - No @EventListener annotations found on bean class: class org.springframework.context.annotation.ConfigurationClassPostProcessor$EnhancedConfigurationBeanPostProcessor
16:34:58.262 [main] TRACE o.s.c.e.EventListenerMethodProcessor - No @EventListener annotations found on bean class: class no.nmdc.oaipmhharvester.service.OAIPMHService$$EnhancerByMockitoWithCGLIB$$627c4d9c
16:34:58.262 [main] TRACE o.s.c.e.EventListenerMethodProcessor - No @EventListener annotations found on bean class: class no.nmdc.oaipmhharvester.dao.DatasetDao$$EnhancerByMockitoWithCGLIB$$1fd27da8
16:34:58.267 [main] TRACE o.s.c.e.EventListenerMethodProcessor - No @EventListener annotations found on bean class: class no.nmdc.oaipmhharvester.service.HarvestServiceImpl
16:34:58.272 [main] TRACE o.s.c.e.EventListenerMethodProcessor - No @EventListener annotations found on bean class: class org.apache.commons.configuration.PropertiesConfiguration
16:34:58.272 [main] TRACE o.s.c.e.EventListenerMethodProcessor - No @EventListener annotations found on bean class: class org.springframework.core.env.StandardEnvironment
16:34:58.277 [main] TRACE o.s.c.e.EventListenerMethodProcessor - No @EventListener annotations found on bean class: class java.util.Properties
16:34:58.277 [main] TRACE o.s.c.e.EventListenerMethodProcessor - No @EventListener annotations found on bean class: class java.util.Collections$UnmodifiableMap
16:34:58.282 [main] TRACE o.s.c.e.EventListenerMethodProcessor - No @EventListener annotations found on bean class: class org.springframework.context.annotation.ConfigurationClassParser$ImportStack
16:34:58.282 [main] TRACE o.s.c.e.EventListenerMethodProcessor - No @EventListener annotations found on bean class: class org.springframework.context.support.DelegatingMessageSource
16:34:58.282 [main] TRACE o.s.c.e.EventListenerMethodProcessor - No @EventListener annotations found on bean class: class org.springframework.context.event.SimpleApplicationEventMulticaster
16:34:58.282 [main] DEBUG o.s.c.s.GenericApplicationContext - Unable to locate LifecycleProcessor with name 'lifecycleProcessor': using default [org.springframework.context.support.DefaultLifecycleProcessor@418c5a9c]
16:34:58.282 [main] DEBUG o.s.b.f.s.DefaultListableBeanFactory - Returning cached instance of singleton bean 'lifecycleProcessor'
16:34:58.282 [main] TRACE o.s.c.s.GenericApplicationContext - Publishing event in org.springframework.context.support.GenericApplicationContext@32a068d1: org.springframework.context.event.ContextRefreshedEvent[source=org.springframework.context.support.GenericApplicationContext@32a068d1: startup date [Mon Nov 14 16:34:57 CET 2016]; root of context hierarchy]
16:34:58.287 [main] TRACE o.s.c.e.PropertySourcesPropertyResolver - Searching for key 'spring.liveBeansView.mbeanDomain' in [systemProperties]
16:34:58.287 [main] TRACE o.s.c.e.PropertySourcesPropertyResolver - Searching for key 'spring.liveBeansView.mbeanDomain' in [systemEnvironment]
16:34:58.287 [main] DEBUG o.s.c.e.PropertySourcesPropertyResolver - Could not find key 'spring.liveBeansView.mbeanDomain' in any property source
16:34:58.287 [main] DEBUG o.s.t.c.DefaultCacheAwareContextLoaderDelegate - Storing ApplicationContext in cache under key [[MergedContextConfiguration@7f416310 testClass = HarvestServiceImplTest, locations = '{}', classes = '{class no.nmdc.oaipmhharvester.service.HarvestServiceImplTest$ContextConfiguration}', contextInitializerClasses = '[]', activeProfiles = '{}', propertySourceLocations = '{}', propertySourceProperties = '{}', contextLoader = 'org.springframework.test.context.support.AnnotationConfigContextLoader', parent = [null]]]
16:34:58.287 [main] DEBUG o.springframework.test.context.cache - Spring test ApplicationContext cache statistics: [ContextCache@352c1b98 size = 1, hitCount = 0, missCount = 1, parentContextCount = 0]
16:34:58.287 [main] TRACE o.s.beans.CachedIntrospectionResults - Getting BeanInfo for class [no.nmdc.oaipmhharvester.service.HarvestServiceImplTest]
16:34:58.287 [main] TRACE o.s.beans.CachedIntrospectionResults - Caching PropertyDescriptors for class [no.nmdc.oaipmhharvester.service.HarvestServiceImplTest]
16:34:58.287 [main] TRACE o.s.beans.CachedIntrospectionResults - Found bean property 'class' of type [java.lang.Class]
16:34:58.287 [main] DEBUG o.s.b.f.annotation.InjectionMetadata - Processing injected element of bean 'no.nmdc.oaipmhharvester.service.HarvestServiceImplTest': AutowiredFieldElement for private no.nmdc.oaipmhharvester.service.HarvestService no.nmdc.oaipmhharvester.service.HarvestServiceImplTest.instance
16:34:58.287 [main] DEBUG o.s.b.f.s.DefaultListableBeanFactory - Returning cached instance of singleton bean 'harvestService'
16:34:58.287 [main] DEBUG o.s.b.f.a.AutowiredAnnotationBeanPostProcessor - Autowiring by type from bean name 'no.nmdc.oaipmhharvester.service.HarvestServiceImplTest' to bean named 'harvestService'
16:34:58.292 [main] TRACE o.s.test.context.TestContextManager - beforeTestMethod(): instance [no.nmdc.oaipmhharvester.service.HarvestServiceImplTest@4b9e255], method [public void no.nmdc.oaipmhharvester.service.HarvestServiceImplTest.testHarvest()]
16:34:58.332 [main] INFO  n.n.o.service.HarvestServiceImpl - Finished server test. 
16:34:58.332 [main] INFO  n.n.o.service.HarvestServiceImpl - Finished all servers.
16:34:58.337 [main] TRACE o.s.test.context.TestContextManager - afterTestMethod(): instance [no.nmdc.oaipmhharvester.service.HarvestServiceImplTest@4b9e255], method [public void no.nmdc.oaipmhharvester.service.HarvestServiceImplTest.testHarvest()], exception [null]
16:34:58.337 [main] DEBUG o.s.t.c.s.DirtiesContextTestExecutionListener - After test method: context [DefaultTestContext@1ad282e0 testClass = HarvestServiceImplTest, testInstance = no.nmdc.oaipmhharvester.service.HarvestServiceImplTest@4b9e255, testMethod = testHarvest@HarvestServiceImplTest, testException = [null], mergedContextConfiguration = [MergedContextConfiguration@7f416310 testClass = HarvestServiceImplTest, locations = '{}', classes = '{class no.nmdc.oaipmhharvester.service.HarvestServiceImplTest$ContextConfiguration}', contextInitializerClasses = '[]', activeProfiles = '{}', propertySourceLocations = '{}', propertySourceProperties = '{}', contextLoader = 'org.springframework.test.context.support.AnnotationConfigContextLoader', parent = [null]]], class dirties context [false], class mode [null], method dirties context [false].
16:34:58.337 [main] TRACE o.s.test.context.TestContextManager - afterTestClass(): class [no.nmdc.oaipmhharvester.service.HarvestServiceImplTest]
16:34:58.337 [main] DEBUG o.s.t.c.s.DirtiesContextTestExecutionListener - After test class: context [DefaultTestContext@1ad282e0 testClass = HarvestServiceImplTest, testInstance = [null], testMethod = [null], testException = [null], mergedContextConfiguration = [MergedContextConfiguration@7f416310 testClass = HarvestServiceImplTest, locations = '{}', classes = '{class no.nmdc.oaipmhharvester.service.HarvestServiceImplTest$ContextConfiguration}', contextInitializerClasses = '[]', activeProfiles = '{}', propertySourceLocations = '{}', propertySourceProperties = '{}', contextLoader = 'org.springframework.test.context.support.AnnotationConfigContextLoader', parent = [null]]], dirtiesContext [false].
16:34:58.337 [Thread-0] INFO  o.s.c.s.GenericApplicationContext - Closing org.springframework.context.support.GenericApplicationContext@32a068d1: startup date [Mon Nov 14 16:34:57 CET 2016]; root of context hierarchy
16:34:58.337 [Thread-0] TRACE o.s.c.s.GenericApplicationContext - Publishing event in org.springframework.context.support.GenericApplicationContext@32a068d1: org.springframework.context.event.ContextClosedEvent[source=org.springframework.context.support.GenericApplicationContext@32a068d1: startup date [Mon Nov 14 16:34:57 CET 2016]; root of context hierarchy]
16:34:58.337 [Thread-0] DEBUG o.s.b.f.s.DefaultListableBeanFactory - Returning cached instance of singleton bean 'lifecycleProcessor'
16:34:58.337 [Thread-0] DEBUG o.s.b.f.s.DefaultListableBeanFactory - Destroying singletons in org.springframework.beans.factory.support.DefaultListableBeanFactory@6af93788: defining beans [org.springframework.context.annotation.internalConfigurationAnnotationProcessor,org.springframework.context.annotation.internalAutowiredAnnotationProcessor,org.springframework.context.annotation.internalRequiredAnnotationProcessor,org.springframework.context.annotation.internalCommonAnnotationProcessor,org.springframework.context.event.internalEventListenerProcessor,org.springframework.context.event.internalEventListenerFactory,harvestServiceImplTest.ContextConfiguration,org.springframework.context.annotation.ConfigurationClassPostProcessor.importAwareProcessor,org.springframework.context.annotation.ConfigurationClassPostProcessor.enhancedConfigurationProcessor,oaiPMHservice,datasetDao,harvestService,harvesterConf]; root of factory hierarchy
